{"timestamp":"2025-07-20T20:56:22.971941","level":"info","event":"DAG bundles loaded: dags-folder","logger":"airflow.dag_processing.bundles.manager.DagBundlesManager"}
{"timestamp":"2025-07-20T20:56:22.972970","level":"info","event":"Filling up the DagBag from /opt/airflow/dags/etl_pipeline_v2.py","logger":"airflow.models.dagbag.DagBag"}
{"timestamp":"2025-07-20T20:56:23.853266","level":"warning","event":"Passing literal json to 'read_json' is deprecated and will be removed in a future version. To read from a literal string, wrap it in a 'StringIO' object.","category":"FutureWarning","filename":"/opt/airflow/dags/etl_pipeline_v2.py","lineno":38,"logger":"py.warnings"}
{"timestamp":"2025-07-20T20:56:23.950910Z","level":"info","event":"DEBUG: DataFrame columns before loading: ['title', 'price', 'location', 'bedrooms', 'area', 'property_type', 'property_type_standard', 'price_per_sqm', 'price_per_bedroom', 'neighborhood', 'source', 'scraped_date', 'processed_date', 'created_at']","chan":"stdout","logger":"task"}
{"timestamp":"2025-07-20T20:56:23.963625","level":"info","event":"Successfully connected to PostgreSQL database","logger":"loader"}
{"timestamp":"2025-07-20T20:56:23.998028","level":"info","event":"Database tables created successfully","logger":"loader"}
{"timestamp":"2025-07-20T20:56:23.998544","level":"error","event":"Error loading properties data from DataFrame: 'property_id'","logger":"loader"}
{"timestamp":"2025-07-20T20:56:23.998700","level":"info","event":"Starting comprehensive analysis...","logger":"loader"}
{"timestamp":"2025-07-20T20:56:24.026278","level":"info","event":"Analysis tables and views created successfully","logger":"loader"}
{"timestamp":"2025-07-20T20:56:24.101793","level":"info","event":"Correlation analysis completed","logger":"loader"}
{"timestamp":"2025-07-20T20:56:24.104998","level":"info","event":"Sales valuation analysis completed","logger":"loader"}
{"timestamp":"2025-07-20T20:56:24.109384","level":"info","event":"Average price tables populated successfully","logger":"loader"}
{"timestamp":"2025-07-20T20:56:24.111418","level":"info","event":"Yasameen 3BR report populated successfully","logger":"loader"}
{"timestamp":"2025-07-20T20:56:24.116986","level":"info","event":"Successfully loaded comprehensive_report analysis results","logger":"loader"}
{"timestamp":"2025-07-20T20:56:24.117157","level":"info","event":"Comprehensive analysis report generated successfully","logger":"loader"}
{"timestamp":"2025-07-20T20:56:24.117276","level":"info","event":"Complete analysis finished successfully","logger":"loader"}
{"timestamp":"2025-07-20T20:56:24.117350","level":"info","event":"Created dedicated analysis tables:","logger":"loader"}
{"timestamp":"2025-07-20T20:56:24.117432","level":"info","event":"- rent_increase_analysis","logger":"loader"}
{"timestamp":"2025-07-20T20:56:24.117497","level":"info","event":"- correlation_analysis","logger":"loader"}
{"timestamp":"2025-07-20T20:56:24.117576","level":"info","event":"- sales_valuation_analysis","logger":"loader"}
{"timestamp":"2025-07-20T20:56:24.117639","level":"info","event":"- avg_price_by_location","logger":"loader"}
{"timestamp":"2025-07-20T20:56:24.117681","level":"info","event":"- avg_price_by_bedroom","logger":"loader"}
{"timestamp":"2025-07-20T20:56:24.117721","level":"info","event":"- yasameen_3br_report","logger":"loader"}
{"timestamp":"2025-07-20T20:56:24.117766","level":"info","event":"Created 0 recommendations","logger":"loader"}
{"timestamp":"2025-07-20T20:56:24.118208","level":"info","event":"Database connection closed","logger":"loader"}
{"timestamp":"2025-07-20T20:56:24.122487","level":"info","event":"Done. Returned value was: None","logger":"airflow.task.operators.airflow.providers.standard.operators.python.PythonOperator"}
