{"timestamp":"2025-07-20T22:38:47.655547","level":"info","event":"DAG bundles loaded: dags-folder","logger":"airflow.dag_processing.bundles.manager.DagBundlesManager"}
{"timestamp":"2025-07-20T22:38:47.657809","level":"info","event":"Filling up the DagBag from /opt/airflow/dags/etl_pipeline_v2.py","logger":"airflow.models.dagbag.DagBag"}
{"timestamp":"2025-07-20T22:38:49.051883","level":"info","event":"====== WebDriver manager ======","logger":"WDM"}
{"timestamp":"2025-07-20T22:38:49.450460","level":"info","event":"Get LATEST chromedriver version for google-chrome","logger":"WDM"}
{"timestamp":"2025-07-20T22:38:49.835769","level":"info","event":"Get LATEST chromedriver version for google-chrome","logger":"WDM"}
{"timestamp":"2025-07-20T22:38:50.167650","level":"info","event":"Driver [/opt/airflow/scripts/.wdm/drivers/chromedriver/linux64/138.0.7204.157/chromedriver-linux64/THIRD_PARTY_NOTICES.chromedriver] found in cache","logger":"WDM"}
{"timestamp":"2025-07-20T22:38:50.186239","level":"warning","event":"ChromeDriver setup failed: [Errno 8] Exec format error: '/opt/airflow/scripts/.wdm/drivers/chromedriver/linux64/138.0.7204.157/chromedriver-linux64/THIRD_PARTY_NOTICES.chromedriver'","logger":"scraper"}
{"timestamp":"2025-07-20T22:38:51.500450","level":"info","event":"Chrome driver initialized with system Chrome","logger":"scraper"}
{"timestamp":"2025-07-20T22:38:51.500825","level":"info","event":"Starting DealApp scraping with max_properties=300...","logger":"scraper"}
{"timestamp":"2025-07-20T22:38:51.500967","level":"info","event":"Trying URL 1/4: https://dealapp.sa/ar/عقارات/الرياض/جميع_العقارات/بيع_و_إيجار","logger":"scraper"}
{"timestamp":"2025-07-20T22:38:55.278581","level":"info","event":"Listings page loaded","logger":"scraper"}
{"timestamp":"2025-07-20T22:38:58.279214","level":"info","event":"Applying filters for city: الرياض, district: None","logger":"scraper"}
{"timestamp":"2025-07-20T22:38:58.295517","level":"info","event":"Checking available filter elements...","logger":"scraper"}
{"timestamp":"2025-07-20T22:38:58.340100","level":"info","event":"Found 519 total elements on page","logger":"scraper"}
{"timestamp":"2025-07-20T22:38:58.450342","level":"info","event":"Filters applied successfully","logger":"scraper"}
{"timestamp":"2025-07-20T22:39:00.451102","level":"info","event":"Starting scroll to load properties (max: 300)...","logger":"scraper"}
{"timestamp":"2025-07-20T22:39:05.474030","level":"info","event":"Attempt 1: Found 10 properties","logger":"scraper"}
{"timestamp":"2025-07-20T22:39:08.556283","level":"info","event":"Attempt 2: Found 20 properties","logger":"scraper"}
{"timestamp":"2025-07-20T22:39:11.619157","level":"info","event":"Attempt 3: Found 30 properties","logger":"scraper"}
{"timestamp":"2025-07-20T22:39:14.686780","level":"info","event":"Attempt 4: Found 40 properties","logger":"scraper"}
{"timestamp":"2025-07-20T22:39:17.754354","level":"info","event":"Attempt 5: Found 50 properties","logger":"scraper"}
{"timestamp":"2025-07-20T22:39:22.844553","level":"info","event":"Attempt 6: Found 60 properties","logger":"scraper"}
{"timestamp":"2025-07-20T22:39:25.914692","level":"info","event":"Attempt 7: Found 70 properties","logger":"scraper"}
{"timestamp":"2025-07-20T22:39:28.993755","level":"info","event":"Attempt 8: Found 80 properties","logger":"scraper"}
{"timestamp":"2025-07-20T22:39:32.124655","level":"info","event":"Attempt 9: Found 90 properties","logger":"scraper"}
{"timestamp":"2025-07-20T22:39:35.318066","level":"info","event":"Attempt 10: Found 100 properties","logger":"scraper"}
{"timestamp":"2025-07-20T22:39:40.465595","level":"info","event":"Attempt 11: Found 110 properties","logger":"scraper"}
{"timestamp":"2025-07-20T22:39:43.555031","level":"info","event":"Attempt 12: Found 120 properties","logger":"scraper"}
{"timestamp":"2025-07-20T22:39:46.625734","level":"info","event":"Attempt 13: Found 130 properties","logger":"scraper"}
{"timestamp":"2025-07-20T22:39:49.713794","level":"info","event":"Attempt 14: Found 140 properties","logger":"scraper"}
{"timestamp":"2025-07-20T22:39:52.814801","level":"info","event":"Attempt 15: Found 150 properties","logger":"scraper"}
{"timestamp":"2025-07-20T22:39:57.929379","level":"info","event":"Attempt 16: Found 160 properties","logger":"scraper"}
{"timestamp":"2025-07-20T22:40:01.034120","level":"info","event":"Attempt 17: Found 170 properties","logger":"scraper"}
{"timestamp":"2025-07-20T22:40:04.143679","level":"info","event":"Attempt 18: Found 180 properties","logger":"scraper"}
{"timestamp":"2025-07-20T22:40:07.238191","level":"info","event":"Attempt 19: Found 190 properties","logger":"scraper"}
{"timestamp":"2025-07-20T22:40:10.349623","level":"info","event":"Attempt 20: Found 200 properties","logger":"scraper"}
{"timestamp":"2025-07-20T22:40:15.466515","level":"info","event":"Attempt 21: Found 210 properties","logger":"scraper"}
{"timestamp":"2025-07-20T22:40:18.589461","level":"info","event":"Attempt 22: Found 220 properties","logger":"scraper"}
{"timestamp":"2025-07-20T22:40:21.713024","level":"info","event":"Attempt 23: Found 230 properties","logger":"scraper"}
{"timestamp":"2025-07-20T22:40:24.843933","level":"info","event":"Attempt 24: Found 240 properties","logger":"scraper"}
{"timestamp":"2025-07-20T22:40:27.981206","level":"info","event":"Attempt 25: Found 250 properties","logger":"scraper"}
{"timestamp":"2025-07-20T22:40:33.140242","level":"info","event":"Attempt 26: Found 260 properties","logger":"scraper"}
{"timestamp":"2025-07-20T22:40:36.245650","level":"info","event":"Attempt 27: Found 270 properties","logger":"scraper"}
{"timestamp":"2025-07-20T22:40:39.345260","level":"info","event":"Attempt 28: Found 280 properties","logger":"scraper"}
{"timestamp":"2025-07-20T22:40:42.448843","level":"info","event":"Attempt 29: Found 290 properties","logger":"scraper"}
{"timestamp":"2025-07-20T22:40:45.563660","level":"info","event":"Attempt 30: Found 300 properties","logger":"scraper"}
{"timestamp":"2025-07-20T22:40:45.563931","level":"info","event":"Reached target of 300 properties, stopping scroll","logger":"scraper"}
{"timestamp":"2025-07-20T22:40:45.564088","level":"info","event":"Scrolling completed after 30 attempts","logger":"scraper"}
{"timestamp":"2025-07-20T22:40:45.598317","level":"info","event":"Found 300 property cards after scrolling","logger":"scraper"}
{"timestamp":"2025-07-20T22:40:45.598605","level":"info","event":"Processing card 1/300","logger":"scraper"}
{"timestamp":"2025-07-20T22:40:51.682130","level":"info","event":"Processing card 51/300","logger":"scraper"}
{"timestamp":"2025-07-20T22:40:55.722362","level":"info","event":"Processing card 101/300","logger":"scraper"}
{"timestamp":"2025-07-20T22:40:57.171843","level":"info","event":"Added 100 properties so far...","logger":"scraper"}
{"timestamp":"2025-07-20T22:40:59.457443","level":"info","event":"Processing card 151/300","logger":"scraper"}
{"timestamp":"2025-07-20T22:41:02.617307","level":"info","event":"Processing card 201/300","logger":"scraper"}
{"timestamp":"2025-07-20T22:41:04.674187","level":"info","event":"Added 200 properties so far...","logger":"scraper"}
{"timestamp":"2025-07-20T22:41:06.587054","level":"info","event":"Processing card 251/300","logger":"scraper"}
{"timestamp":"2025-07-20T22:41:10.666283","level":"info","event":"Successfully found properties with URL 1","logger":"scraper"}
{"timestamp":"2025-07-20T22:41:10.666517","level":"info","event":"Successfully scraped 272 unique properties from DealApp","logger":"scraper"}
{"timestamp":"2025-07-20T22:41:10.710120Z","level":"info","event":"Scraped 272 properties","chan":"stdout","logger":"task"}
{"timestamp":"2025-07-20T22:41:10.831215","level":"info","event":"Done. Returned value was: 272","logger":"airflow.task.operators.airflow.providers.standard.operators.python.PythonOperator"}
{"timestamp":"2025-07-20T22:41:10.832047","level":"info","event":"Pushing xcom","ti":"RuntimeTaskInstance(id=UUID('019829fd-58b9-7c0e-9eed-92b9be44395b'), task_id='scrape', dag_id='realestate_etl_pipeline_v2', run_id='manual__2025-07-20T22:38:45.909111+00:00', try_number=1, map_index=-1, hostname='d9baf7fb2a61', context_carrier=None, task=<Task(PythonOperator): scrape>, bundle_instance=LocalDagBundle(name=dags-folder), max_tries=1, start_date=datetime.datetime(2025, 7, 20, 22, 38, 47, 304951, tzinfo=TzInfo(UTC)), end_date=None, is_mapped=False)","logger":"task"}
