{"timestamp":"2025-07-20T01:14:49.804925","level":"info","event":"DAG bundles loaded: dags-folder","logger":"airflow.dag_processing.bundles.manager.DagBundlesManager"}
{"timestamp":"2025-07-20T01:14:49.805621","level":"info","event":"Filling up the DagBag from /opt/airflow/dags/etl_pipeline.py","logger":"airflow.models.dagbag.DagBag"}
{"timestamp":"2025-07-20T01:14:50.363288","level":"warning","event":"Passing literal json to 'read_json' is deprecated and will be removed in a future version. To read from a literal string, wrap it in a 'StringIO' object.","category":"FutureWarning","filename":"/opt/airflow/dags/etl_pipeline.py","lineno":40,"logger":"py.warnings"}
{"timestamp":"2025-07-20T01:14:50.612205","level":"info","event":"Successfully connected to PostgreSQL database","logger":"loader"}
{"timestamp":"2025-07-20T01:14:50.648769","level":"info","event":"Database tables created successfully","logger":"loader"}
{"timestamp":"2025-07-20T01:14:51.077070","level":"info","event":"Successfully loaded 10046 properties to database from DataFrame","logger":"loader"}
{"timestamp":"2025-07-20T01:14:51.077270","level":"info","event":"Starting comprehensive analysis...","logger":"loader"}
{"timestamp":"2025-07-20T01:14:51.117937","level":"info","event":"Analysis tables and views created successfully","logger":"loader"}
{"timestamp":"2025-07-20T01:14:51.164483","level":"info","event":"Correlation analysis completed","logger":"loader"}
{"timestamp":"2025-07-20T01:14:51.174618","level":"error","event":"Error in sales valuation analysis: unsupported operand type(s) for /: 'decimal.Decimal' and 'float'","logger":"loader"}
{"timestamp":"2025-07-20T01:14:51.189011","level":"info","event":"Average price tables populated successfully","logger":"loader"}
{"timestamp":"2025-07-20T01:14:51.193846","level":"info","event":"Yasameen 3BR report populated successfully","logger":"loader"}
{"timestamp":"2025-07-20T01:14:51.202468","level":"error","event":"Error loading analysis results: 'Connection' object has no attribute 'commit'","logger":"loader"}
{"timestamp":"2025-07-20T01:14:51.202661","level":"info","event":"Comprehensive analysis report generated successfully","logger":"loader"}
{"timestamp":"2025-07-20T01:14:51.202747","level":"info","event":"Complete analysis finished successfully","logger":"loader"}
{"timestamp":"2025-07-20T01:14:51.202807","level":"info","event":"Created dedicated analysis tables:","logger":"loader"}
{"timestamp":"2025-07-20T01:14:51.202859","level":"info","event":"- rent_increase_analysis","logger":"loader"}
{"timestamp":"2025-07-20T01:14:51.202908","level":"info","event":"- correlation_analysis","logger":"loader"}
{"timestamp":"2025-07-20T01:14:51.202961","level":"info","event":"- sales_valuation_analysis","logger":"loader"}
{"timestamp":"2025-07-20T01:14:51.203018","level":"info","event":"- avg_price_by_location","logger":"loader"}
{"timestamp":"2025-07-20T01:14:51.203067","level":"info","event":"- avg_price_by_bedroom","logger":"loader"}
{"timestamp":"2025-07-20T01:14:51.203114","level":"info","event":"- yasameen_3br_report","logger":"loader"}
{"timestamp":"2025-07-20T01:14:51.203164","level":"info","event":"Created 0 recommendations","logger":"loader"}
{"timestamp":"2025-07-20T01:14:51.203610","level":"info","event":"Database connection closed","logger":"loader"}
{"timestamp":"2025-07-20T01:14:51.206397","level":"info","event":"Done. Returned value was: None","logger":"airflow.task.operators.airflow.providers.standard.operators.python.PythonOperator"}
