{"timestamp":"2025-07-20T08:13:24.369196","level":"info","event":"DAG bundles loaded: dags-folder","logger":"airflow.dag_processing.bundles.manager.DagBundlesManager"}
{"timestamp":"2025-07-20T08:13:24.370249","level":"info","event":"Filling up the DagBag from /opt/airflow/dags/etl_pipeline.py","logger":"airflow.models.dagbag.DagBag"}
{"timestamp":"2025-07-20T08:13:25.500789","level":"warning","event":"Passing literal json to 'read_json' is deprecated and will be removed in a future version. To read from a literal string, wrap it in a 'StringIO' object.","category":"FutureWarning","filename":"/opt/airflow/dags/etl_pipeline.py","lineno":40,"logger":"py.warnings"}
{"timestamp":"2025-07-20T08:13:25.653433","level":"info","event":"Successfully connected to PostgreSQL database","logger":"loader"}
{"timestamp":"2025-07-20T08:13:25.695690","level":"info","event":"Database tables created successfully","logger":"loader"}
{"timestamp":"2025-07-20T08:13:27.066071","level":"info","event":"Successfully loaded 10040 properties to database from DataFrame","logger":"loader"}
{"timestamp":"2025-07-20T08:13:27.066590","level":"info","event":"Starting comprehensive analysis...","logger":"loader"}
{"timestamp":"2025-07-20T08:13:27.098796","level":"info","event":"Analysis tables and views created successfully","logger":"loader"}
{"timestamp":"2025-07-20T08:13:27.165923","level":"info","event":"Correlation analysis completed","logger":"loader"}
{"timestamp":"2025-07-20T08:13:27.173232","level":"error","event":"Error in sales valuation analysis: unsupported operand type(s) for /: 'decimal.Decimal' and 'float'","logger":"loader"}
{"timestamp":"2025-07-20T08:13:27.198797","level":"info","event":"Average price tables populated successfully","logger":"loader"}
{"timestamp":"2025-07-20T08:13:27.208840","level":"info","event":"Yasameen 3BR report populated successfully","logger":"loader"}
{"timestamp":"2025-07-20T08:13:27.230017","level":"error","event":"Error loading analysis results: 'Connection' object has no attribute 'commit'","logger":"loader"}
{"timestamp":"2025-07-20T08:13:27.230271","level":"info","event":"Comprehensive analysis report generated successfully","logger":"loader"}
{"timestamp":"2025-07-20T08:13:27.230435","level":"info","event":"Complete analysis finished successfully","logger":"loader"}
{"timestamp":"2025-07-20T08:13:27.230534","level":"info","event":"Created dedicated analysis tables:","logger":"loader"}
{"timestamp":"2025-07-20T08:13:27.230620","level":"info","event":"- rent_increase_analysis","logger":"loader"}
{"timestamp":"2025-07-20T08:13:27.230754","level":"info","event":"- correlation_analysis","logger":"loader"}
{"timestamp":"2025-07-20T08:13:27.230847","level":"info","event":"- sales_valuation_analysis","logger":"loader"}
{"timestamp":"2025-07-20T08:13:27.230929","level":"info","event":"- avg_price_by_location","logger":"loader"}
{"timestamp":"2025-07-20T08:13:27.231010","level":"info","event":"- avg_price_by_bedroom","logger":"loader"}
{"timestamp":"2025-07-20T08:13:27.231089","level":"info","event":"- yasameen_3br_report","logger":"loader"}
{"timestamp":"2025-07-20T08:13:27.231181","level":"info","event":"Created 0 recommendations","logger":"loader"}
{"timestamp":"2025-07-20T08:13:27.231818","level":"info","event":"Database connection closed","logger":"loader"}
{"timestamp":"2025-07-20T08:13:27.242769","level":"info","event":"Done. Returned value was: None","logger":"airflow.task.operators.airflow.providers.standard.operators.python.PythonOperator"}
