{"timestamp":"2025-07-20T00:52:21.325789","level":"info","event":"DAG bundles loaded: dags-folder","logger":"airflow.dag_processing.bundles.manager.DagBundlesManager"}
{"timestamp":"2025-07-20T00:52:21.326668","level":"info","event":"Filling up the DagBag from /opt/airflow/dags/etl_pipeline.py","logger":"airflow.models.dagbag.DagBag"}
{"timestamp":"2025-07-20T00:52:21.757838","level":"info","event":"====== WebDriver manager ======","logger":"WDM"}
{"timestamp":"2025-07-20T00:52:21.870590","level":"info","event":"Get LATEST chromedriver version for google-chrome","logger":"WDM"}
{"timestamp":"2025-07-20T00:52:22.211144","level":"info","event":"Get LATEST chromedriver version for google-chrome","logger":"WDM"}
{"timestamp":"2025-07-20T00:52:22.460035","level":"info","event":"Driver [/opt/airflow/scripts/.wdm/drivers/chromedriver/linux64/138.0.7204.157/chromedriver-linux64/THIRD_PARTY_NOTICES.chromedriver] found in cache","logger":"WDM"}
{"timestamp":"2025-07-20T00:52:22.476595","level":"warning","event":"ChromeDriver setup failed: [Errno 8] Exec format error: '/opt/airflow/scripts/.wdm/drivers/chromedriver/linux64/138.0.7204.157/chromedriver-linux64/THIRD_PARTY_NOTICES.chromedriver'","logger":"scraper"}
{"timestamp":"2025-07-20T00:52:23.365949","level":"info","event":"Chrome driver initialized with system Chrome","logger":"scraper"}
{"timestamp":"2025-07-20T00:52:23.366547","level":"info","event":"Starting DealApp scraping with max_properties=500...","logger":"scraper"}
{"timestamp":"2025-07-20T00:52:23.366663","level":"info","event":"Trying URL 1/4: https://dealapp.sa/ar/عقارات/الرياض/جميع_العقارات/بيع_و_إيجار","logger":"scraper"}
{"timestamp":"2025-07-20T00:52:27.005923","level":"info","event":"Listings page loaded","logger":"scraper"}
{"timestamp":"2025-07-20T00:52:30.008303","level":"info","event":"Applying filters for city: الرياض, district: None","logger":"scraper"}
{"timestamp":"2025-07-20T00:52:30.024637","level":"info","event":"Checking available filter elements...","logger":"scraper"}
{"timestamp":"2025-07-20T00:52:30.075444","level":"info","event":"Found 507 total elements on page","logger":"scraper"}
{"timestamp":"2025-07-20T00:52:30.113355","level":"info","event":"Filters applied successfully","logger":"scraper"}
{"timestamp":"2025-07-20T00:52:32.113844","level":"info","event":"Starting scroll to load properties (max: 500)...","logger":"scraper"}
{"timestamp":"2025-07-20T00:52:37.139521","level":"info","event":"Attempt 1: Found 10 properties","logger":"scraper"}
{"timestamp":"2025-07-20T00:52:40.216693","level":"info","event":"Attempt 2: Found 20 properties","logger":"scraper"}
{"timestamp":"2025-07-20T00:52:43.269111","level":"info","event":"Attempt 3: Found 30 properties","logger":"scraper"}
{"timestamp":"2025-07-20T00:52:46.335870","level":"info","event":"Attempt 4: Found 40 properties","logger":"scraper"}
{"timestamp":"2025-07-20T00:52:49.405271","level":"info","event":"Attempt 5: Found 50 properties","logger":"scraper"}
{"timestamp":"2025-07-20T00:52:54.495982","level":"info","event":"Attempt 6: Found 60 properties","logger":"scraper"}
{"timestamp":"2025-07-20T00:52:57.568704","level":"info","event":"Attempt 7: Found 70 properties","logger":"scraper"}
{"timestamp":"2025-07-20T00:53:00.636694","level":"info","event":"Attempt 8: Found 80 properties","logger":"scraper"}
{"timestamp":"2025-07-20T00:53:03.717840","level":"info","event":"Attempt 9: Found 90 properties","logger":"scraper"}
{"timestamp":"2025-07-20T00:53:06.807017","level":"info","event":"Attempt 10: Found 100 properties","logger":"scraper"}
{"timestamp":"2025-07-20T00:53:11.888013","level":"info","event":"Attempt 11: Found 110 properties","logger":"scraper"}
{"timestamp":"2025-07-20T00:53:14.976832","level":"info","event":"Attempt 12: Found 120 properties","logger":"scraper"}
{"timestamp":"2025-07-20T00:53:18.050991","level":"info","event":"Attempt 13: Found 130 properties","logger":"scraper"}
{"timestamp":"2025-07-20T00:53:21.127790","level":"info","event":"Attempt 14: Found 140 properties","logger":"scraper"}
{"timestamp":"2025-07-20T00:53:24.210440","level":"info","event":"Attempt 15: Found 150 properties","logger":"scraper"}
{"timestamp":"2025-07-20T00:53:29.292504","level":"info","event":"Attempt 16: Found 160 properties","logger":"scraper"}
{"timestamp":"2025-07-20T00:53:32.378826","level":"info","event":"Attempt 17: Found 170 properties","logger":"scraper"}
{"timestamp":"2025-07-20T00:53:35.471134","level":"info","event":"Attempt 18: Found 180 properties","logger":"scraper"}
{"timestamp":"2025-07-20T00:53:38.563326","level":"info","event":"Attempt 19: Found 190 properties","logger":"scraper"}
{"timestamp":"2025-07-20T00:53:41.644700","level":"info","event":"Attempt 20: Found 200 properties","logger":"scraper"}
{"timestamp":"2025-07-20T00:53:46.725941","level":"info","event":"Attempt 21: Found 210 properties","logger":"scraper"}
{"timestamp":"2025-07-20T00:53:49.806258","level":"info","event":"Attempt 22: Found 220 properties","logger":"scraper"}
{"timestamp":"2025-07-20T00:53:52.897510","level":"info","event":"Attempt 23: Found 230 properties","logger":"scraper"}
{"timestamp":"2025-07-20T00:53:55.988988","level":"info","event":"Attempt 24: Found 240 properties","logger":"scraper"}
{"timestamp":"2025-07-20T00:53:59.078175","level":"info","event":"Attempt 25: Found 250 properties","logger":"scraper"}
{"timestamp":"2025-07-20T00:54:04.171209","level":"info","event":"Attempt 26: Found 260 properties","logger":"scraper"}
{"timestamp":"2025-07-20T00:54:07.237164","level":"info","event":"Attempt 27: Found 270 properties","logger":"scraper"}
{"timestamp":"2025-07-20T00:54:10.315078","level":"info","event":"Attempt 28: Found 280 properties","logger":"scraper"}
{"timestamp":"2025-07-20T00:54:13.421101","level":"info","event":"Attempt 29: Found 290 properties","logger":"scraper"}
{"timestamp":"2025-07-20T00:54:16.530537","level":"info","event":"Attempt 30: Found 300 properties","logger":"scraper"}
{"timestamp":"2025-07-20T00:54:21.634286","level":"info","event":"Attempt 31: Found 310 properties","logger":"scraper"}
{"timestamp":"2025-07-20T00:54:24.738596","level":"info","event":"Attempt 32: Found 320 properties","logger":"scraper"}
{"timestamp":"2025-07-20T00:54:27.824064","level":"info","event":"Attempt 33: Found 330 properties","logger":"scraper"}
{"timestamp":"2025-07-20T00:54:30.920890","level":"info","event":"Attempt 34: Found 340 properties","logger":"scraper"}
{"timestamp":"2025-07-20T00:54:34.282224","level":"info","event":"Attempt 35: Found 350 properties","logger":"scraper"}
{"timestamp":"2025-07-20T00:54:39.372100","level":"info","event":"Attempt 36: Found 360 properties","logger":"scraper"}
{"timestamp":"2025-07-20T00:54:42.462904","level":"info","event":"Attempt 37: Found 370 properties","logger":"scraper"}
{"timestamp":"2025-07-20T00:54:45.557157","level":"info","event":"Attempt 38: Found 380 properties","logger":"scraper"}
{"timestamp":"2025-07-20T00:54:48.658595","level":"info","event":"Attempt 39: Found 390 properties","logger":"scraper"}
{"timestamp":"2025-07-20T00:54:51.775568","level":"info","event":"Attempt 40: Found 400 properties","logger":"scraper"}
{"timestamp":"2025-07-20T00:54:56.911930","level":"info","event":"Attempt 41: Found 410 properties","logger":"scraper"}
{"timestamp":"2025-07-20T00:55:00.027030","level":"info","event":"Attempt 42: Found 420 properties","logger":"scraper"}
{"timestamp":"2025-07-20T00:55:03.122551","level":"info","event":"Attempt 43: Found 430 properties","logger":"scraper"}
{"timestamp":"2025-07-20T00:55:06.217492","level":"info","event":"Attempt 44: Found 440 properties","logger":"scraper"}
{"timestamp":"2025-07-20T00:55:09.311516","level":"info","event":"Attempt 45: Found 450 properties","logger":"scraper"}
{"timestamp":"2025-07-20T00:55:14.402201","level":"info","event":"Attempt 46: Found 460 properties","logger":"scraper"}
{"timestamp":"2025-07-20T00:55:17.516599","level":"info","event":"Attempt 47: Found 470 properties","logger":"scraper"}
{"timestamp":"2025-07-20T00:55:20.624607","level":"info","event":"Attempt 48: Found 480 properties","logger":"scraper"}
{"timestamp":"2025-07-20T00:55:23.730174","level":"info","event":"Attempt 49: Found 490 properties","logger":"scraper"}
{"timestamp":"2025-07-20T00:55:26.852994","level":"info","event":"Attempt 50: Found 500 properties","logger":"scraper"}
{"timestamp":"2025-07-20T00:55:26.853188","level":"info","event":"Reached target of 500 properties, stopping scroll","logger":"scraper"}
{"timestamp":"2025-07-20T00:55:26.853249","level":"info","event":"Scrolling completed after 50 attempts","logger":"scraper"}
{"timestamp":"2025-07-20T00:55:26.894788","level":"info","event":"Found 500 property cards after scrolling","logger":"scraper"}
{"timestamp":"2025-07-20T00:55:26.895024","level":"info","event":"Processing card 1/500","logger":"scraper"}
{"timestamp":"2025-07-20T00:55:31.531867","level":"info","event":"Processing card 51/500","logger":"scraper"}
{"timestamp":"2025-07-20T00:55:35.390830","level":"info","event":"Processing card 101/500","logger":"scraper"}
{"timestamp":"2025-07-20T00:55:36.197606","level":"info","event":"Added 100 properties so far...","logger":"scraper"}
{"timestamp":"2025-07-20T00:55:38.131946","level":"info","event":"Processing card 151/500","logger":"scraper"}
{"timestamp":"2025-07-20T00:55:40.632131","level":"info","event":"Processing card 201/500","logger":"scraper"}
{"timestamp":"2025-07-20T00:55:41.377118","level":"info","event":"Added 200 properties so far...","logger":"scraper"}
{"timestamp":"2025-07-20T00:55:43.015273","level":"info","event":"Processing card 251/500","logger":"scraper"}
{"timestamp":"2025-07-20T00:55:45.595941","level":"info","event":"Processing card 301/500","logger":"scraper"}
{"timestamp":"2025-07-20T00:55:46.766257","level":"info","event":"Added 300 properties so far...","logger":"scraper"}
{"timestamp":"2025-07-20T00:55:48.151734","level":"info","event":"Processing card 351/500","logger":"scraper"}
{"timestamp":"2025-07-20T00:55:50.613859","level":"info","event":"Processing card 401/500","logger":"scraper"}
{"timestamp":"2025-07-20T00:55:52.945947","level":"info","event":"Added 400 properties so far...","logger":"scraper"}
{"timestamp":"2025-07-20T00:55:53.858421","level":"info","event":"Processing card 451/500","logger":"scraper"}
{"timestamp":"2025-07-20T00:55:57.047361","level":"info","event":"Successfully found properties with URL 1","logger":"scraper"}
{"timestamp":"2025-07-20T00:55:57.047567","level":"info","event":"Successfully scraped 463 unique properties from DealApp","logger":"scraper"}
{"timestamp":"2025-07-20T00:55:57.175819","level":"info","event":"Done. Returned value was: None","logger":"airflow.task.operators.airflow.providers.standard.operators.python.PythonOperator"}
