{"timestamp":"2025-07-19T22:44:38.973819","level":"info","event":"DAG bundles loaded: dags-folder","logger":"airflow.dag_processing.bundles.manager.DagBundlesManager"}
{"timestamp":"2025-07-19T22:44:38.974629","level":"info","event":"Filling up the DagBag from /opt/airflow/dags/etl_pipeline.py","logger":"airflow.models.dagbag.DagBag"}
{"timestamp":"2025-07-19T22:44:39.605699","level":"info","event":"====== WebDriver manager ======","logger":"WDM"}
{"timestamp":"2025-07-19T22:44:39.781156","level":"info","event":"Get LATEST chromedriver version for google-chrome","logger":"WDM"}
{"timestamp":"2025-07-19T22:44:40.202911","level":"info","event":"Get LATEST chromedriver version for google-chrome","logger":"WDM"}
{"timestamp":"2025-07-19T22:44:40.589200","level":"info","event":"Driver [/opt/airflow/scripts/.wdm/drivers/chromedriver/linux64/138.0.7204.157/chromedriver-linux64/THIRD_PARTY_NOTICES.chromedriver] found in cache","logger":"WDM"}
{"timestamp":"2025-07-19T22:44:40.614349","level":"warning","event":"ChromeDriver setup failed: [Errno 8] Exec format error: '/opt/airflow/scripts/.wdm/drivers/chromedriver/linux64/138.0.7204.157/chromedriver-linux64/THIRD_PARTY_NOTICES.chromedriver'","logger":"scraper"}
{"timestamp":"2025-07-19T22:44:41.946532","level":"info","event":"Chrome driver initialized with system Chrome","logger":"scraper"}
{"timestamp":"2025-07-19T22:44:41.947198","level":"info","event":"Starting DealApp scraping with max_properties=5000...","logger":"scraper"}
{"timestamp":"2025-07-19T22:44:41.947308","level":"info","event":"Navigating to https://dealapp.sa/ar/عقارات/الرياض/جميع_العقارات/بيع_و_إيجار","logger":"scraper"}
{"timestamp":"2025-07-19T22:44:45.863422","level":"info","event":"Listings page loaded","logger":"scraper"}
{"timestamp":"2025-07-19T22:44:45.863641","level":"info","event":"Applying filters for city: الرياض, district: None","logger":"scraper"}
{"timestamp":"2025-07-19T22:44:45.968194","level":"info","event":"Filters applied successfully","logger":"scraper"}
{"timestamp":"2025-07-19T22:44:45.968524","level":"info","event":"Starting scroll to load properties (max: 5000)...","logger":"scraper"}
{"timestamp":"2025-07-19T22:44:46.003046","level":"info","event":"Attempt 1: Found 0 properties","logger":"scraper"}
{"timestamp":"2025-07-19T22:44:48.082524","level":"info","event":"Attempt 2: Found 10 properties","logger":"scraper"}
{"timestamp":"2025-07-19T22:44:50.131961","level":"info","event":"Attempt 3: Found 10 properties","logger":"scraper"}
{"timestamp":"2025-07-19T22:44:52.230151","level":"info","event":"Attempt 4: Found 10 properties","logger":"scraper"}
{"timestamp":"2025-07-19T22:44:54.295601","level":"info","event":"Attempt 5: Found 10 properties","logger":"scraper"}
{"timestamp":"2025-07-19T22:44:56.355110","level":"info","event":"Attempt 6: Found 10 properties","logger":"scraper"}
{"timestamp":"2025-07-19T22:44:58.408193","level":"info","event":"Attempt 7: Found 10 properties","logger":"scraper"}
{"timestamp":"2025-07-19T22:44:58.408646","level":"info","event":"No new properties found for 5 attempts, trying alternative scroll method","logger":"scraper"}
{"timestamp":"2025-07-19T22:44:59.462939","level":"info","event":"Still no new content after alternative method, stopping","logger":"scraper"}
{"timestamp":"2025-07-19T22:44:59.463111","level":"info","event":"Scrolling completed after 7 attempts","logger":"scraper"}
{"timestamp":"2025-07-19T22:44:59.475265","level":"info","event":"Found 10 property cards after scrolling","logger":"scraper"}
{"timestamp":"2025-07-19T22:44:59.475537","level":"info","event":"Processing card 1/10","logger":"scraper"}
{"timestamp":"2025-07-19T22:45:01.594437","level":"info","event":"Successfully scraped 10 unique properties from DealApp","logger":"scraper"}
{"timestamp":"2025-07-19T22:45:01.765804","level":"info","event":"Done. Returned value was: None","logger":"airflow.task.operators.airflow.providers.standard.operators.python.PythonOperator"}
