{"timestamp":"2025-07-20T20:48:08.624383","level":"info","event":"DAG bundles loaded: dags-folder","logger":"airflow.dag_processing.bundles.manager.DagBundlesManager"}
{"timestamp":"2025-07-20T20:48:08.625210","level":"info","event":"Filling up the DagBag from /opt/airflow/dags/etl_pipeline_v2.py","logger":"airflow.models.dagbag.DagBag"}
{"timestamp":"2025-07-20T20:48:09.700302","level":"warning","event":"Passing literal json to 'read_json' is deprecated and will be removed in a future version. To read from a literal string, wrap it in a 'StringIO' object.","category":"FutureWarning","filename":"/opt/airflow/dags/etl_pipeline_v2.py","lineno":38,"logger":"py.warnings"}
{"timestamp":"2025-07-20T20:48:09.784877","level":"info","event":"Successfully connected to PostgreSQL database","logger":"loader"}
{"timestamp":"2025-07-20T20:48:09.823843","level":"info","event":"Database tables created successfully","logger":"loader"}
{"timestamp":"2025-07-20T20:48:09.824351","level":"error","event":"Error loading properties data from DataFrame: 'property_id'","logger":"loader"}
{"timestamp":"2025-07-20T20:48:09.824477","level":"info","event":"Starting comprehensive analysis...","logger":"loader"}
{"timestamp":"2025-07-20T20:48:09.851917","level":"info","event":"Analysis tables and views created successfully","logger":"loader"}
{"timestamp":"2025-07-20T20:48:09.896868","level":"info","event":"Correlation analysis completed","logger":"loader"}
{"timestamp":"2025-07-20T20:48:09.899732","level":"info","event":"Sales valuation analysis completed","logger":"loader"}
{"timestamp":"2025-07-20T20:48:09.906264","level":"info","event":"Average price tables populated successfully","logger":"loader"}
{"timestamp":"2025-07-20T20:48:09.909155","level":"info","event":"Yasameen 3BR report populated successfully","logger":"loader"}
{"timestamp":"2025-07-20T20:48:09.915493","level":"error","event":"Error loading analysis results: 'Connection' object has no attribute 'commit'","logger":"loader"}
{"timestamp":"2025-07-20T20:48:09.915738","level":"info","event":"Comprehensive analysis report generated successfully","logger":"loader"}
{"timestamp":"2025-07-20T20:48:09.915865","level":"info","event":"Complete analysis finished successfully","logger":"loader"}
{"timestamp":"2025-07-20T20:48:09.915939","level":"info","event":"Created dedicated analysis tables:","logger":"loader"}
{"timestamp":"2025-07-20T20:48:09.916006","level":"info","event":"- rent_increase_analysis","logger":"loader"}
{"timestamp":"2025-07-20T20:48:09.916069","level":"info","event":"- correlation_analysis","logger":"loader"}
{"timestamp":"2025-07-20T20:48:09.916132","level":"info","event":"- sales_valuation_analysis","logger":"loader"}
{"timestamp":"2025-07-20T20:48:09.916196","level":"info","event":"- avg_price_by_location","logger":"loader"}
{"timestamp":"2025-07-20T20:48:09.916265","level":"info","event":"- avg_price_by_bedroom","logger":"loader"}
{"timestamp":"2025-07-20T20:48:09.916327","level":"info","event":"- yasameen_3br_report","logger":"loader"}
{"timestamp":"2025-07-20T20:48:09.916391","level":"info","event":"Created 0 recommendations","logger":"loader"}
{"timestamp":"2025-07-20T20:48:09.916874","level":"info","event":"Database connection closed","logger":"loader"}
{"timestamp":"2025-07-20T20:48:09.919978","level":"info","event":"Done. Returned value was: None","logger":"airflow.task.operators.airflow.providers.standard.operators.python.PythonOperator"}
