{"timestamp":"2025-07-21T18:46:15.504526","level":"info","event":"DAG bundles loaded: dags-folder","logger":"airflow.dag_processing.bundles.manager.DagBundlesManager"}
{"timestamp":"2025-07-21T18:46:15.505651","level":"info","event":"Filling up the DagBag from /opt/airflow/dags/etl_pipeline_v2.py","logger":"airflow.models.dagbag.DagBag"}
{"timestamp":"2025-07-21T18:46:16.606835","level":"info","event":"====== WebDriver manager ======","logger":"WDM"}
{"timestamp":"2025-07-21T18:46:16.789587","level":"info","event":"Get LATEST chromedriver version for google-chrome","logger":"WDM"}
{"timestamp":"2025-07-21T18:46:17.195652","level":"info","event":"Get LATEST chromedriver version for google-chrome","logger":"WDM"}
{"timestamp":"2025-07-21T18:46:17.512489","level":"info","event":"Driver [/opt/airflow/scripts/.wdm/drivers/chromedriver/linux64/138.0.7204.157/chromedriver-linux64/chromedriver] found in cache","logger":"WDM"}
{"timestamp":"2025-07-21T18:46:19.369594","level":"info","event":"Chrome driver initialized successfully","logger":"scraper"}
{"timestamp":"2025-07-21T18:46:19.369899","level":"info","event":"Starting DealApp scraping with max_properties=100...","logger":"scraper"}
{"timestamp":"2025-07-21T18:46:19.370011","level":"info","event":"Trying URL 1/4: https://dealapp.sa/ar/عقارات/الرياض/جميع_العقارات/بيع_و_إيجار","logger":"scraper"}
{"timestamp":"2025-07-21T18:46:42.699902","level":"info","event":"Listings page loaded","logger":"scraper"}
{"timestamp":"2025-07-21T18:46:45.700532","level":"info","event":"Applying filters for city: الرياض, district: None","logger":"scraper"}
{"timestamp":"2025-07-21T18:46:45.721726","level":"info","event":"Checking available filter elements...","logger":"scraper"}
{"timestamp":"2025-07-21T18:46:45.786991","level":"info","event":"Found 504 total elements on page","logger":"scraper"}
{"timestamp":"2025-07-21T18:46:45.828620","level":"info","event":"Filters applied successfully","logger":"scraper"}
{"timestamp":"2025-07-21T18:46:47.829536","level":"info","event":"Starting scroll to load properties (max: 100)...","logger":"scraper"}
{"timestamp":"2025-07-21T18:46:52.866696","level":"info","event":"Attempt 1: Found 10 properties","logger":"scraper"}
{"timestamp":"2025-07-21T18:46:55.982232","level":"info","event":"Attempt 2: Found 20 properties","logger":"scraper"}
{"timestamp":"2025-07-21T18:46:59.085721","level":"info","event":"Attempt 3: Found 30 properties","logger":"scraper"}
{"timestamp":"2025-07-21T18:47:02.192480","level":"info","event":"Attempt 4: Found 40 properties","logger":"scraper"}
{"timestamp":"2025-07-21T18:47:05.314308","level":"info","event":"Attempt 5: Found 50 properties","logger":"scraper"}
{"timestamp":"2025-07-21T18:47:10.448752","level":"info","event":"Attempt 6: Found 60 properties","logger":"scraper"}
{"timestamp":"2025-07-21T18:47:13.599375","level":"info","event":"Attempt 7: Found 70 properties","logger":"scraper"}
{"timestamp":"2025-07-21T18:47:16.717340","level":"info","event":"Attempt 8: Found 80 properties","logger":"scraper"}
{"timestamp":"2025-07-21T18:47:19.846059","level":"info","event":"Attempt 9: Found 90 properties","logger":"scraper"}
{"timestamp":"2025-07-21T18:47:22.985959","level":"info","event":"Attempt 10: Found 100 properties","logger":"scraper"}
{"timestamp":"2025-07-21T18:47:22.986235","level":"info","event":"Reached target of 100 properties, stopping scroll","logger":"scraper"}
{"timestamp":"2025-07-21T18:47:22.986343","level":"info","event":"Scrolling completed after 10 attempts","logger":"scraper"}
{"timestamp":"2025-07-21T18:47:23.008682","level":"info","event":"Found 100 property cards after scrolling","logger":"scraper"}
{"timestamp":"2025-07-21T18:47:23.008965","level":"info","event":"Processing card 1/100","logger":"scraper"}
{"timestamp":"2025-07-21T18:47:31.370615","level":"info","event":"Processing card 51/100","logger":"scraper"}
{"timestamp":"2025-07-21T18:47:37.605252","level":"info","event":"Successfully found properties with URL 1","logger":"scraper"}
{"timestamp":"2025-07-21T18:47:37.605583","level":"info","event":"Successfully scraped 93 unique properties from DealApp","logger":"scraper"}
{"timestamp":"2025-07-21T18:47:37.620229Z","level":"info","event":"Scraped 93 properties","chan":"stdout","logger":"task"}
{"timestamp":"2025-07-21T18:47:37.809485","level":"info","event":"Done. Returned value was: 93","logger":"airflow.task.operators.airflow.providers.standard.operators.python.PythonOperator"}
{"timestamp":"2025-07-21T18:47:37.809923","level":"info","event":"Pushing xcom","ti":"RuntimeTaskInstance(id=UUID('01982e4e-d4b6-7368-8ded-c3b322673894'), task_id='scrape', dag_id='realestate_etl_pipeline_v2', run_id='manual__2025-07-21T18:46:14.937929+00:00', try_number=1, map_index=-1, hostname='153eb81b0c0f', context_carrier=None, task=<Task(PythonOperator): scrape>, bundle_instance=LocalDagBundle(name=dags-folder), max_tries=1, start_date=datetime.datetime(2025, 7, 21, 18, 46, 15, 357407, tzinfo=TzInfo(UTC)), end_date=None, is_mapped=False)","logger":"task"}
