{"timestamp":"2025-07-21T00:53:12.978034","level":"info","event":"DAG bundles loaded: dags-folder","logger":"airflow.dag_processing.bundles.manager.DagBundlesManager"}
{"timestamp":"2025-07-21T00:53:12.978918","level":"info","event":"Filling up the DagBag from /opt/airflow/dags/etl_pipeline_v2.py","logger":"airflow.models.dagbag.DagBag"}
{"timestamp":"2025-07-21T00:53:13.837156","level":"info","event":"====== WebDriver manager ======","logger":"WDM"}
{"timestamp":"2025-07-21T00:53:14.017155","level":"info","event":"Get LATEST chromedriver version for google-chrome","logger":"WDM"}
{"timestamp":"2025-07-21T00:53:14.691458","level":"info","event":"Get LATEST chromedriver version for google-chrome","logger":"WDM"}
{"timestamp":"2025-07-21T00:53:15.187297","level":"info","event":"Driver [/opt/airflow/scripts/.wdm/drivers/chromedriver/linux64/138.0.7204.157/chromedriver-linux64/chromedriver] found in cache","logger":"WDM"}
{"timestamp":"2025-07-21T00:53:16.461785","level":"info","event":"Chrome driver initialized successfully","logger":"scraper"}
{"timestamp":"2025-07-21T00:53:16.462010","level":"info","event":"Starting DealApp scraping with max_properties=300...","logger":"scraper"}
{"timestamp":"2025-07-21T00:53:16.462108","level":"info","event":"Trying URL 1/4: https://dealapp.sa/ar/عقارات/الرياض/جميع_العقارات/بيع_و_إيجار","logger":"scraper"}
{"timestamp":"2025-07-21T00:53:20.165150","level":"info","event":"Listings page loaded","logger":"scraper"}
{"timestamp":"2025-07-21T00:53:23.165912","level":"info","event":"Applying filters for city: الرياض, district: None","logger":"scraper"}
{"timestamp":"2025-07-21T00:53:23.183304","level":"info","event":"Checking available filter elements...","logger":"scraper"}
{"timestamp":"2025-07-21T00:53:23.228565","level":"info","event":"Found 516 total elements on page","logger":"scraper"}
{"timestamp":"2025-07-21T00:53:23.256839","level":"info","event":"Filters applied successfully","logger":"scraper"}
{"timestamp":"2025-07-21T00:53:25.256110","level":"info","event":"Starting scroll to load properties (max: 300)...","logger":"scraper"}
{"timestamp":"2025-07-21T00:53:30.286921","level":"info","event":"Attempt 1: Found 10 properties","logger":"scraper"}
{"timestamp":"2025-07-21T00:53:33.391961","level":"info","event":"Attempt 2: Found 20 properties","logger":"scraper"}
{"timestamp":"2025-07-21T00:53:36.455778","level":"info","event":"Attempt 3: Found 30 properties","logger":"scraper"}
{"timestamp":"2025-07-21T00:53:39.528599","level":"info","event":"Attempt 4: Found 40 properties","logger":"scraper"}
{"timestamp":"2025-07-21T00:53:42.605279","level":"info","event":"Attempt 5: Found 50 properties","logger":"scraper"}
{"timestamp":"2025-07-21T00:53:47.687801","level":"info","event":"Attempt 6: Found 60 properties","logger":"scraper"}
{"timestamp":"2025-07-21T00:53:50.768674","level":"info","event":"Attempt 7: Found 70 properties","logger":"scraper"}
{"timestamp":"2025-07-21T00:53:53.839306","level":"info","event":"Attempt 8: Found 80 properties","logger":"scraper"}
{"timestamp":"2025-07-21T00:53:56.905590","level":"info","event":"Attempt 9: Found 90 properties","logger":"scraper"}
{"timestamp":"2025-07-21T00:53:59.980715","level":"info","event":"Attempt 10: Found 100 properties","logger":"scraper"}
{"timestamp":"2025-07-21T00:54:05.070150","level":"info","event":"Attempt 11: Found 110 properties","logger":"scraper"}
{"timestamp":"2025-07-21T00:54:08.176153","level":"info","event":"Attempt 12: Found 120 properties","logger":"scraper"}
{"timestamp":"2025-07-21T00:54:11.242449","level":"info","event":"Attempt 13: Found 130 properties","logger":"scraper"}
{"timestamp":"2025-07-21T00:54:14.317652","level":"info","event":"Attempt 14: Found 140 properties","logger":"scraper"}
{"timestamp":"2025-07-21T00:54:17.387360","level":"info","event":"Attempt 15: Found 150 properties","logger":"scraper"}
{"timestamp":"2025-07-21T00:54:22.463253","level":"info","event":"Attempt 16: Found 160 properties","logger":"scraper"}
{"timestamp":"2025-07-21T00:54:25.561272","level":"info","event":"Attempt 17: Found 170 properties","logger":"scraper"}
{"timestamp":"2025-07-21T00:54:28.660162","level":"info","event":"Attempt 18: Found 180 properties","logger":"scraper"}
{"timestamp":"2025-07-21T00:54:31.743237","level":"info","event":"Attempt 19: Found 190 properties","logger":"scraper"}
{"timestamp":"2025-07-21T00:54:34.829807","level":"info","event":"Attempt 20: Found 200 properties","logger":"scraper"}
{"timestamp":"2025-07-21T00:54:39.914877","level":"info","event":"Attempt 21: Found 210 properties","logger":"scraper"}
{"timestamp":"2025-07-21T00:54:43.011386","level":"info","event":"Attempt 22: Found 220 properties","logger":"scraper"}
{"timestamp":"2025-07-21T00:54:46.104217","level":"info","event":"Attempt 23: Found 230 properties","logger":"scraper"}
{"timestamp":"2025-07-21T00:54:49.221353","level":"info","event":"Attempt 24: Found 240 properties","logger":"scraper"}
{"timestamp":"2025-07-21T00:54:52.305305","level":"info","event":"Attempt 25: Found 250 properties","logger":"scraper"}
{"timestamp":"2025-07-21T00:54:57.395934","level":"info","event":"Attempt 26: Found 260 properties","logger":"scraper"}
{"timestamp":"2025-07-21T00:55:00.480296","level":"info","event":"Attempt 27: Found 270 properties","logger":"scraper"}
{"timestamp":"2025-07-21T00:55:03.581793","level":"info","event":"Attempt 28: Found 280 properties","logger":"scraper"}
{"timestamp":"2025-07-21T00:55:06.703251","level":"info","event":"Attempt 29: Found 290 properties","logger":"scraper"}
{"timestamp":"2025-07-21T00:55:09.794827","level":"info","event":"Attempt 30: Found 300 properties","logger":"scraper"}
{"timestamp":"2025-07-21T00:55:09.794990","level":"info","event":"Reached target of 300 properties, stopping scroll","logger":"scraper"}
{"timestamp":"2025-07-21T00:55:09.795066","level":"info","event":"Scrolling completed after 30 attempts","logger":"scraper"}
{"timestamp":"2025-07-21T00:55:09.825678","level":"info","event":"Found 300 property cards after scrolling","logger":"scraper"}
{"timestamp":"2025-07-21T00:55:09.825842","level":"info","event":"Processing card 1/300","logger":"scraper"}
{"timestamp":"2025-07-21T00:55:15.902332","level":"info","event":"Processing card 51/300","logger":"scraper"}
{"timestamp":"2025-07-21T00:55:19.471241","level":"info","event":"Processing card 101/300","logger":"scraper"}
{"timestamp":"2025-07-21T00:55:19.757395","level":"info","event":"Added 100 properties so far...","logger":"scraper"}
{"timestamp":"2025-07-21T00:55:24.280829","level":"info","event":"Processing card 151/300","logger":"scraper"}
{"timestamp":"2025-07-21T00:55:28.227147","level":"info","event":"Processing card 201/300","logger":"scraper"}
{"timestamp":"2025-07-21T00:55:28.614218","level":"info","event":"Added 200 properties so far...","logger":"scraper"}
{"timestamp":"2025-07-21T00:55:32.802861","level":"info","event":"Processing card 251/300","logger":"scraper"}
{"timestamp":"2025-07-21T00:55:36.446620","level":"info","event":"Successfully found properties with URL 1","logger":"scraper"}
{"timestamp":"2025-07-21T00:55:36.446802","level":"info","event":"Successfully scraped 295 unique properties from DealApp","logger":"scraper"}
{"timestamp":"2025-07-21T00:55:36.458301Z","level":"info","event":"Scraped 295 properties","chan":"stdout","logger":"task"}
{"timestamp":"2025-07-21T00:55:36.596940","level":"info","event":"Done. Returned value was: 295","logger":"airflow.task.operators.airflow.providers.standard.operators.python.PythonOperator"}
{"timestamp":"2025-07-21T00:55:36.597488","level":"info","event":"Pushing xcom","ti":"RuntimeTaskInstance(id=UUID('01982a78-6c50-78fb-a778-488beb96a0ce'), task_id='scrape', dag_id='realestate_etl_pipeline_v2', run_id='manual__2025-07-21T00:53:11.856679+00:00', try_number=1, map_index=-1, hostname='d9baf7fb2a61', context_carrier=None, task=<Task(PythonOperator): scrape>, bundle_instance=LocalDagBundle(name=dags-folder), max_tries=1, start_date=datetime.datetime(2025, 7, 21, 0, 53, 12, 861129, tzinfo=TzInfo(UTC)), end_date=None, is_mapped=False)","logger":"task"}
