{"timestamp":"2025-07-20T11:04:50.816923","level":"info","event":"DAG bundles loaded: dags-folder","logger":"airflow.dag_processing.bundles.manager.DagBundlesManager"}
{"timestamp":"2025-07-20T11:04:50.818102","level":"info","event":"Filling up the DagBag from /opt/airflow/dags/etl_pipeline_v2.py","logger":"airflow.models.dagbag.DagBag"}
{"timestamp":"2025-07-20T11:04:51.744466","level":"warning","event":"Passing literal json to 'read_json' is deprecated and will be removed in a future version. To read from a literal string, wrap it in a 'StringIO' object.","category":"FutureWarning","filename":"/opt/airflow/dags/etl_pipeline_v2.py","lineno":38,"logger":"py.warnings"}
{"timestamp":"2025-07-20T11:04:51.842180","level":"info","event":"Successfully connected to PostgreSQL database","logger":"loader"}
{"timestamp":"2025-07-20T11:04:51.927260","level":"info","event":"Database tables created successfully","logger":"loader"}
{"timestamp":"2025-07-20T11:04:52.589070","level":"info","event":"Successfully loaded 10037 properties to database from DataFrame","logger":"loader"}
{"timestamp":"2025-07-20T11:04:52.589261","level":"info","event":"Starting comprehensive analysis...","logger":"loader"}
{"timestamp":"2025-07-20T11:04:52.633005","level":"info","event":"Analysis tables and views created successfully","logger":"loader"}
{"timestamp":"2025-07-20T11:04:52.682047","level":"info","event":"Correlation analysis completed","logger":"loader"}
{"timestamp":"2025-07-20T11:04:52.691192","level":"error","event":"Error in sales valuation analysis: unsupported operand type(s) for /: 'decimal.Decimal' and 'float'","logger":"loader"}
{"timestamp":"2025-07-20T11:04:52.710989","level":"info","event":"Average price tables populated successfully","logger":"loader"}
{"timestamp":"2025-07-20T11:04:52.719622","level":"info","event":"Yasameen 3BR report populated successfully","logger":"loader"}
{"timestamp":"2025-07-20T11:04:52.729838","level":"error","event":"Error loading analysis results: 'Connection' object has no attribute 'commit'","logger":"loader"}
{"timestamp":"2025-07-20T11:04:52.730002","level":"info","event":"Comprehensive analysis report generated successfully","logger":"loader"}
{"timestamp":"2025-07-20T11:04:52.730081","level":"info","event":"Complete analysis finished successfully","logger":"loader"}
{"timestamp":"2025-07-20T11:04:52.730127","level":"info","event":"Created dedicated analysis tables:","logger":"loader"}
{"timestamp":"2025-07-20T11:04:52.730166","level":"info","event":"- rent_increase_analysis","logger":"loader"}
{"timestamp":"2025-07-20T11:04:52.730204","level":"info","event":"- correlation_analysis","logger":"loader"}
{"timestamp":"2025-07-20T11:04:52.730241","level":"info","event":"- sales_valuation_analysis","logger":"loader"}
{"timestamp":"2025-07-20T11:04:52.730278","level":"info","event":"- avg_price_by_location","logger":"loader"}
{"timestamp":"2025-07-20T11:04:52.730314","level":"info","event":"- avg_price_by_bedroom","logger":"loader"}
{"timestamp":"2025-07-20T11:04:52.730350","level":"info","event":"- yasameen_3br_report","logger":"loader"}
{"timestamp":"2025-07-20T11:04:52.730388","level":"info","event":"Created 0 recommendations","logger":"loader"}
{"timestamp":"2025-07-20T11:04:52.730906","level":"info","event":"Database connection closed","logger":"loader"}
{"timestamp":"2025-07-20T11:04:52.734337","level":"info","event":"Done. Returned value was: None","logger":"airflow.task.operators.airflow.providers.standard.operators.python.PythonOperator"}
