{"timestamp":"2025-07-21T01:06:42.169577","level":"info","event":"DAG bundles loaded: dags-folder","logger":"airflow.dag_processing.bundles.manager.DagBundlesManager"}
{"timestamp":"2025-07-21T01:06:42.170510","level":"info","event":"Filling up the DagBag from /opt/airflow/dags/etl_pipeline_v2.py","logger":"airflow.models.dagbag.DagBag"}
{"timestamp":"2025-07-21T01:06:43.107785","level":"info","event":"====== WebDriver manager ======","logger":"WDM"}
{"timestamp":"2025-07-21T01:06:43.432982","level":"info","event":"Get LATEST chromedriver version for google-chrome","logger":"WDM"}
{"timestamp":"2025-07-21T01:06:43.728060","level":"info","event":"Get LATEST chromedriver version for google-chrome","logger":"WDM"}
{"timestamp":"2025-07-21T01:06:43.987633","level":"info","event":"Driver [/opt/airflow/scripts/.wdm/drivers/chromedriver/linux64/138.0.7204.157/chromedriver-linux64/chromedriver] found in cache","logger":"WDM"}
{"timestamp":"2025-07-21T01:06:45.223981","level":"info","event":"Chrome driver initialized successfully","logger":"scraper"}
{"timestamp":"2025-07-21T01:06:45.224176","level":"info","event":"Starting DealApp scraping with max_properties=300...","logger":"scraper"}
{"timestamp":"2025-07-21T01:06:45.224298","level":"info","event":"Trying URL 1/4: https://dealapp.sa/ar/عقارات/الرياض/جميع_العقارات/بيع_و_إيجار","logger":"scraper"}
{"timestamp":"2025-07-21T01:06:50.002977","level":"info","event":"Listings page loaded","logger":"scraper"}
{"timestamp":"2025-07-21T01:06:53.003477","level":"info","event":"Applying filters for city: الرياض, district: None","logger":"scraper"}
{"timestamp":"2025-07-21T01:06:53.023070","level":"info","event":"Checking available filter elements...","logger":"scraper"}
{"timestamp":"2025-07-21T01:06:53.084726","level":"info","event":"Found 516 total elements on page","logger":"scraper"}
{"timestamp":"2025-07-21T01:06:53.125410","level":"info","event":"Filters applied successfully","logger":"scraper"}
{"timestamp":"2025-07-21T01:06:55.124623","level":"info","event":"Starting scroll to load properties (max: 300)...","logger":"scraper"}
{"timestamp":"2025-07-21T01:07:00.152564","level":"info","event":"Attempt 1: Found 10 properties","logger":"scraper"}
{"timestamp":"2025-07-21T01:07:03.228754","level":"info","event":"Attempt 2: Found 20 properties","logger":"scraper"}
{"timestamp":"2025-07-21T01:07:06.331037","level":"info","event":"Attempt 3: Found 30 properties","logger":"scraper"}
{"timestamp":"2025-07-21T01:07:09.402214","level":"info","event":"Attempt 4: Found 40 properties","logger":"scraper"}
{"timestamp":"2025-07-21T01:07:12.485951","level":"info","event":"Attempt 5: Found 50 properties","logger":"scraper"}
{"timestamp":"2025-07-21T01:07:17.562483","level":"info","event":"Attempt 6: Found 60 properties","logger":"scraper"}
{"timestamp":"2025-07-21T01:07:20.632407","level":"info","event":"Attempt 7: Found 70 properties","logger":"scraper"}
{"timestamp":"2025-07-21T01:07:23.699679","level":"info","event":"Attempt 8: Found 80 properties","logger":"scraper"}
{"timestamp":"2025-07-21T01:07:26.773143","level":"info","event":"Attempt 9: Found 90 properties","logger":"scraper"}
{"timestamp":"2025-07-21T01:07:29.892719","level":"info","event":"Attempt 10: Found 100 properties","logger":"scraper"}
{"timestamp":"2025-07-21T01:07:35.007390","level":"info","event":"Attempt 11: Found 110 properties","logger":"scraper"}
{"timestamp":"2025-07-21T01:07:38.118759","level":"info","event":"Attempt 12: Found 120 properties","logger":"scraper"}
{"timestamp":"2025-07-21T01:07:41.214808","level":"info","event":"Attempt 13: Found 130 properties","logger":"scraper"}
{"timestamp":"2025-07-21T01:07:44.307035","level":"info","event":"Attempt 14: Found 140 properties","logger":"scraper"}
{"timestamp":"2025-07-21T01:07:47.417041","level":"info","event":"Attempt 15: Found 150 properties","logger":"scraper"}
{"timestamp":"2025-07-21T01:07:52.533882","level":"info","event":"Attempt 16: Found 160 properties","logger":"scraper"}
{"timestamp":"2025-07-21T01:07:55.604362","level":"info","event":"Attempt 17: Found 170 properties","logger":"scraper"}
{"timestamp":"2025-07-21T01:07:58.679629","level":"info","event":"Attempt 18: Found 180 properties","logger":"scraper"}
{"timestamp":"2025-07-21T01:08:01.779316","level":"info","event":"Attempt 19: Found 190 properties","logger":"scraper"}
{"timestamp":"2025-07-21T01:08:04.878663","level":"info","event":"Attempt 20: Found 200 properties","logger":"scraper"}
{"timestamp":"2025-07-21T01:08:09.991186","level":"info","event":"Attempt 21: Found 210 properties","logger":"scraper"}
{"timestamp":"2025-07-21T01:08:13.077255","level":"info","event":"Attempt 22: Found 220 properties","logger":"scraper"}
{"timestamp":"2025-07-21T01:08:16.165169","level":"info","event":"Attempt 23: Found 230 properties","logger":"scraper"}
{"timestamp":"2025-07-21T01:08:19.258980","level":"info","event":"Attempt 24: Found 240 properties","logger":"scraper"}
{"timestamp":"2025-07-21T01:08:22.370467","level":"info","event":"Attempt 25: Found 250 properties","logger":"scraper"}
{"timestamp":"2025-07-21T01:08:27.475578","level":"info","event":"Attempt 26: Found 260 properties","logger":"scraper"}
{"timestamp":"2025-07-21T01:08:30.578462","level":"info","event":"Attempt 27: Found 270 properties","logger":"scraper"}
{"timestamp":"2025-07-21T01:08:33.696039","level":"info","event":"Attempt 28: Found 280 properties","logger":"scraper"}
{"timestamp":"2025-07-21T01:08:36.798599","level":"info","event":"Attempt 29: Found 290 properties","logger":"scraper"}
{"timestamp":"2025-07-21T01:08:39.911650","level":"info","event":"Attempt 30: Found 300 properties","logger":"scraper"}
{"timestamp":"2025-07-21T01:08:39.911827","level":"info","event":"Reached target of 300 properties, stopping scroll","logger":"scraper"}
{"timestamp":"2025-07-21T01:08:39.911887","level":"info","event":"Scrolling completed after 30 attempts","logger":"scraper"}
{"timestamp":"2025-07-21T01:08:39.937158","level":"info","event":"Found 300 property cards after scrolling","logger":"scraper"}
{"timestamp":"2025-07-21T01:08:39.937348","level":"info","event":"Processing card 1/300","logger":"scraper"}
{"timestamp":"2025-07-21T01:08:43.645217","level":"info","event":"Processing card 51/300","logger":"scraper"}
{"timestamp":"2025-07-21T01:08:46.176847","level":"info","event":"Processing card 101/300","logger":"scraper"}
{"timestamp":"2025-07-21T01:08:46.329269","level":"info","event":"Added 100 properties so far...","logger":"scraper"}
{"timestamp":"2025-07-21T01:08:48.857984","level":"info","event":"Processing card 151/300","logger":"scraper"}
{"timestamp":"2025-07-21T01:08:51.461851","level":"info","event":"Processing card 201/300","logger":"scraper"}
{"timestamp":"2025-07-21T01:08:51.773143","level":"info","event":"Added 200 properties so far...","logger":"scraper"}
{"timestamp":"2025-07-21T01:08:54.628277","level":"info","event":"Processing card 251/300","logger":"scraper"}
{"timestamp":"2025-07-21T01:08:58.240718","level":"info","event":"Successfully found properties with URL 1","logger":"scraper"}
{"timestamp":"2025-07-21T01:08:58.240960","level":"info","event":"Successfully scraped 289 unique properties from DealApp","logger":"scraper"}
{"timestamp":"2025-07-21T01:08:58.258151Z","level":"info","event":"Scraped 289 properties","chan":"stdout","logger":"task"}
{"timestamp":"2025-07-21T01:08:58.374426","level":"info","event":"Done. Returned value was: 289","logger":"airflow.task.operators.airflow.providers.standard.operators.python.PythonOperator"}
{"timestamp":"2025-07-21T01:08:58.375143","level":"info","event":"Pushing xcom","ti":"RuntimeTaskInstance(id=UUID('01982a84-c747-7f1e-b347-ade65557847d'), task_id='scrape', dag_id='realestate_etl_pipeline_v2', run_id='manual__2025-07-21T01:06:41.428330+00:00', try_number=1, map_index=-1, hostname='d9baf7fb2a61', context_carrier=None, task=<Task(PythonOperator): scrape>, bundle_instance=LocalDagBundle(name=dags-folder), max_tries=1, start_date=datetime.datetime(2025, 7, 21, 1, 6, 41, 902821, tzinfo=TzInfo(UTC)), end_date=None, is_mapped=False)","logger":"task"}
