{"timestamp":"2025-07-19T22:42:23.135145","level":"info","event":"DAG bundles loaded: dags-folder","logger":"airflow.dag_processing.bundles.manager.DagBundlesManager"}
{"timestamp":"2025-07-19T22:42:23.136310","level":"info","event":"Filling up the DagBag from /opt/airflow/dags/etl_pipeline.py","logger":"airflow.models.dagbag.DagBag"}
{"timestamp":"2025-07-19T22:42:24.086299","level":"info","event":"====== WebDriver manager ======","logger":"WDM"}
{"timestamp":"2025-07-19T22:42:24.345202","level":"info","event":"Get LATEST chromedriver version for google-chrome","logger":"WDM"}
{"timestamp":"2025-07-19T22:42:24.742124","level":"info","event":"Get LATEST chromedriver version for google-chrome","logger":"WDM"}
{"timestamp":"2025-07-19T22:42:25.053520","level":"info","event":"Driver [/opt/airflow/scripts/.wdm/drivers/chromedriver/linux64/138.0.7204.157/chromedriver-linux64/THIRD_PARTY_NOTICES.chromedriver] found in cache","logger":"WDM"}
{"timestamp":"2025-07-19T22:42:25.074084","level":"warning","event":"ChromeDriver setup failed: [Errno 8] Exec format error: '/opt/airflow/scripts/.wdm/drivers/chromedriver/linux64/138.0.7204.157/chromedriver-linux64/THIRD_PARTY_NOTICES.chromedriver'","logger":"scraper"}
{"timestamp":"2025-07-19T22:42:26.535012","level":"info","event":"Chrome driver initialized with system Chrome","logger":"scraper"}
{"timestamp":"2025-07-19T22:42:26.535702","level":"info","event":"Starting DealApp scraping with max_properties=5000...","logger":"scraper"}
{"timestamp":"2025-07-19T22:42:26.535848","level":"info","event":"Navigating to https://dealapp.sa/ar/عقارات/الرياض/جميع_العقارات/بيع_و_إيجار","logger":"scraper"}
{"timestamp":"2025-07-19T22:42:30.688120","level":"info","event":"Listings page loaded","logger":"scraper"}
{"timestamp":"2025-07-19T22:42:30.688341","level":"info","event":"Applying filters for city: الرياض, district: None","logger":"scraper"}
{"timestamp":"2025-07-19T22:42:31.421792","level":"info","event":"Filters applied successfully","logger":"scraper"}
{"timestamp":"2025-07-19T22:42:31.422052","level":"info","event":"Starting scroll to load properties (max: 5000)...","logger":"scraper"}
{"timestamp":"2025-07-19T22:42:31.459920","level":"info","event":"Attempt 1: Found 0 properties","logger":"scraper"}
{"timestamp":"2025-07-19T22:42:33.520218","level":"info","event":"Attempt 2: Found 10 properties","logger":"scraper"}
{"timestamp":"2025-07-19T22:42:35.573233","level":"info","event":"Attempt 3: Found 10 properties","logger":"scraper"}
{"timestamp":"2025-07-19T22:42:37.641341","level":"info","event":"Attempt 4: Found 10 properties","logger":"scraper"}
{"timestamp":"2025-07-19T22:42:39.714570","level":"info","event":"Attempt 5: Found 10 properties","logger":"scraper"}
{"timestamp":"2025-07-19T22:42:41.774353","level":"info","event":"Attempt 6: Found 10 properties","logger":"scraper"}
{"timestamp":"2025-07-19T22:42:43.834444","level":"info","event":"Attempt 7: Found 10 properties","logger":"scraper"}
{"timestamp":"2025-07-19T22:42:43.834716","level":"info","event":"No new properties found for 5 attempts, trying alternative scroll method","logger":"scraper"}
{"timestamp":"2025-07-19T22:42:44.892683","level":"info","event":"Still no new content after alternative method, stopping","logger":"scraper"}
{"timestamp":"2025-07-19T22:42:44.892952","level":"info","event":"Scrolling completed after 7 attempts","logger":"scraper"}
{"timestamp":"2025-07-19T22:42:44.907388","level":"info","event":"Found 10 property cards after scrolling","logger":"scraper"}
{"timestamp":"2025-07-19T22:42:44.907652","level":"info","event":"Processing card 1/10","logger":"scraper"}
{"timestamp":"2025-07-19T22:42:47.206294","level":"info","event":"Successfully scraped 10 unique properties from DealApp","logger":"scraper"}
{"timestamp":"2025-07-19T22:42:48.316717","level":"info","event":"Done. Returned value was: None","logger":"airflow.task.operators.airflow.providers.standard.operators.python.PythonOperator"}
