{"timestamp":"2025-07-21T20:28:15.657859","level":"info","event":"DAG bundles loaded: dags-folder","logger":"airflow.dag_processing.bundles.manager.DagBundlesManager"}
{"timestamp":"2025-07-21T20:28:15.660165","level":"info","event":"Filling up the DagBag from /opt/airflow/dags/etl_pipeline_v2.py","logger":"airflow.models.dagbag.DagBag"}
{"timestamp":"2025-07-21T20:28:18.025089","level":"info","event":"====== WebDriver manager ======","logger":"WDM"}
{"timestamp":"2025-07-21T20:28:19.076916","level":"info","event":"Get LATEST chromedriver version for google-chrome","logger":"WDM"}
{"timestamp":"2025-07-21T20:28:19.525130","level":"info","event":"Get LATEST chromedriver version for google-chrome","logger":"WDM"}
{"timestamp":"2025-07-21T20:28:19.914756","level":"info","event":"Driver [/opt/airflow/scripts/.wdm/drivers/chromedriver/linux64/138.0.7204.157/chromedriver-linux64/chromedriver] found in cache","logger":"WDM"}
{"timestamp":"2025-07-21T20:28:24.427789","level":"info","event":"Chrome driver initialized successfully","logger":"scraper"}
{"timestamp":"2025-07-21T20:28:24.428029","level":"info","event":"Starting DealApp scraping with max_properties=100...","logger":"scraper"}
{"timestamp":"2025-07-21T20:28:24.428109","level":"info","event":"Trying URL 1/4: https://dealapp.sa/ar/عقارات/الرياض/جميع_العقارات/بيع_و_إيجار","logger":"scraper"}
{"timestamp":"2025-07-21T20:28:29.324400","level":"info","event":"Listings page loaded","logger":"scraper"}
{"timestamp":"2025-07-21T20:28:32.325015","level":"info","event":"Applying filters for city: الرياض, district: None","logger":"scraper"}
{"timestamp":"2025-07-21T20:28:32.357768","level":"info","event":"Checking available filter elements...","logger":"scraper"}
{"timestamp":"2025-07-21T20:28:32.444046","level":"info","event":"Found 510 total elements on page","logger":"scraper"}
{"timestamp":"2025-07-21T20:28:32.496368","level":"info","event":"Filters applied successfully","logger":"scraper"}
{"timestamp":"2025-07-21T20:28:34.497118","level":"info","event":"Starting scroll to load properties (max: 100)...","logger":"scraper"}
{"timestamp":"2025-07-21T20:28:39.539307","level":"info","event":"Attempt 1: Found 10 properties","logger":"scraper"}
{"timestamp":"2025-07-21T20:28:42.680581","level":"info","event":"Attempt 2: Found 20 properties","logger":"scraper"}
{"timestamp":"2025-07-21T20:28:45.773447","level":"info","event":"Attempt 3: Found 30 properties","logger":"scraper"}
{"timestamp":"2025-07-21T20:28:48.875663","level":"info","event":"Attempt 4: Found 40 properties","logger":"scraper"}
{"timestamp":"2025-07-21T20:28:51.988938","level":"info","event":"Attempt 5: Found 50 properties","logger":"scraper"}
{"timestamp":"2025-07-21T20:28:57.126127","level":"info","event":"Attempt 6: Found 60 properties","logger":"scraper"}
{"timestamp":"2025-07-21T20:29:00.227682","level":"info","event":"Attempt 7: Found 70 properties","logger":"scraper"}
{"timestamp":"2025-07-21T20:29:03.321495","level":"info","event":"Attempt 8: Found 80 properties","logger":"scraper"}
{"timestamp":"2025-07-21T20:29:06.436759","level":"info","event":"Attempt 9: Found 90 properties","logger":"scraper"}
{"timestamp":"2025-07-21T20:29:09.520136","level":"info","event":"Attempt 10: Found 100 properties","logger":"scraper"}
{"timestamp":"2025-07-21T20:29:09.520269","level":"info","event":"Reached target of 100 properties, stopping scroll","logger":"scraper"}
{"timestamp":"2025-07-21T20:29:09.520316","level":"info","event":"Scrolling completed after 10 attempts","logger":"scraper"}
{"timestamp":"2025-07-21T20:29:09.534774","level":"info","event":"Found 100 property cards after scrolling","logger":"scraper"}
{"timestamp":"2025-07-21T20:29:09.534871","level":"info","event":"Processing card 1/100","logger":"scraper"}
{"timestamp":"2025-07-21T20:29:15.192361","level":"info","event":"Processing card 51/100","logger":"scraper"}
{"timestamp":"2025-07-21T20:29:20.166927","level":"info","event":"Successfully found properties with URL 1","logger":"scraper"}
{"timestamp":"2025-07-21T20:29:20.167344","level":"info","event":"Successfully scraped 75 unique properties from DealApp","logger":"scraper"}
{"timestamp":"2025-07-21T20:29:20.198962Z","level":"info","event":"Scraped 75 properties","chan":"stdout","logger":"task"}
{"timestamp":"2025-07-21T20:29:20.335376","level":"info","event":"Done. Returned value was: 75","logger":"airflow.task.operators.airflow.providers.standard.operators.python.PythonOperator"}
{"timestamp":"2025-07-21T20:29:20.336866","level":"info","event":"Pushing xcom","ti":"RuntimeTaskInstance(id=UUID('01982eac-341c-71e8-9bd1-320f66e683b6'), task_id='scrape', dag_id='realestate_etl_pipeline_v2', run_id='manual__2025-07-21T20:28:14.088289+00:00', try_number=1, map_index=-1, hostname='153eb81b0c0f', context_carrier=None, task=<Task(PythonOperator): scrape>, bundle_instance=LocalDagBundle(name=dags-folder), max_tries=1, start_date=datetime.datetime(2025, 7, 21, 20, 28, 15, 377715, tzinfo=TzInfo(UTC)), end_date=None, is_mapped=False)","logger":"task"}
