{"timestamp":"2025-07-20T10:34:26.890355","level":"info","event":"DAG bundles loaded: dags-folder","logger":"airflow.dag_processing.bundles.manager.DagBundlesManager"}
{"timestamp":"2025-07-20T10:34:26.892854","level":"info","event":"Filling up the DagBag from /opt/airflow/dags/etl_pipeline.py","logger":"airflow.models.dagbag.DagBag"}
{"timestamp":"2025-07-20T10:34:27.574535","level":"info","event":"====== WebDriver manager ======","logger":"WDM"}
{"timestamp":"2025-07-20T10:34:27.759512","level":"info","event":"Get LATEST chromedriver version for google-chrome","logger":"WDM"}
{"timestamp":"2025-07-20T10:34:28.260220","level":"info","event":"Get LATEST chromedriver version for google-chrome","logger":"WDM"}
{"timestamp":"2025-07-20T10:34:28.754320","level":"info","event":"Driver [/opt/airflow/scripts/.wdm/drivers/chromedriver/linux64/138.0.7204.157/chromedriver-linux64/THIRD_PARTY_NOTICES.chromedriver] found in cache","logger":"WDM"}
{"timestamp":"2025-07-20T10:34:28.774971","level":"warning","event":"ChromeDriver setup failed: [Errno 8] Exec format error: '/opt/airflow/scripts/.wdm/drivers/chromedriver/linux64/138.0.7204.157/chromedriver-linux64/THIRD_PARTY_NOTICES.chromedriver'","logger":"scraper"}
{"timestamp":"2025-07-20T10:34:29.880319","level":"info","event":"Chrome driver initialized with system Chrome","logger":"scraper"}
{"timestamp":"2025-07-20T10:34:29.881012","level":"info","event":"Starting DealApp scraping with max_properties=500...","logger":"scraper"}
{"timestamp":"2025-07-20T10:34:29.881158","level":"info","event":"Trying URL 1/4: https://dealapp.sa/ar/عقارات/الرياض/جميع_العقارات/بيع_و_إيجار","logger":"scraper"}
{"timestamp":"2025-07-20T10:34:34.068277","level":"info","event":"Listings page loaded","logger":"scraper"}
{"timestamp":"2025-07-20T10:34:37.068969","level":"info","event":"Applying filters for city: الرياض, district: None","logger":"scraper"}
{"timestamp":"2025-07-20T10:34:37.087840","level":"info","event":"Checking available filter elements...","logger":"scraper"}
{"timestamp":"2025-07-20T10:34:37.138976","level":"info","event":"Found 491 total elements on page","logger":"scraper"}
{"timestamp":"2025-07-20T10:34:37.184108","level":"info","event":"Filters applied successfully","logger":"scraper"}
{"timestamp":"2025-07-20T10:34:39.184739","level":"info","event":"Starting scroll to load properties (max: 500)...","logger":"scraper"}
{"timestamp":"2025-07-20T10:34:44.236377","level":"info","event":"Attempt 1: Found 10 properties","logger":"scraper"}
{"timestamp":"2025-07-20T10:34:47.371372","level":"info","event":"Attempt 2: Found 20 properties","logger":"scraper"}
{"timestamp":"2025-07-20T10:34:50.455797","level":"info","event":"Attempt 3: Found 30 properties","logger":"scraper"}
{"timestamp":"2025-07-20T10:34:53.530667","level":"info","event":"Attempt 4: Found 40 properties","logger":"scraper"}
{"timestamp":"2025-07-20T10:34:56.605144","level":"info","event":"Attempt 5: Found 50 properties","logger":"scraper"}
{"timestamp":"2025-07-20T10:35:01.696717","level":"info","event":"Attempt 6: Found 60 properties","logger":"scraper"}
{"timestamp":"2025-07-20T10:35:04.781268","level":"info","event":"Attempt 7: Found 70 properties","logger":"scraper"}
{"timestamp":"2025-07-20T10:35:07.868541","level":"info","event":"Attempt 8: Found 80 properties","logger":"scraper"}
{"timestamp":"2025-07-20T10:35:10.955289","level":"info","event":"Attempt 9: Found 90 properties","logger":"scraper"}
{"timestamp":"2025-07-20T10:35:14.036839","level":"info","event":"Attempt 10: Found 100 properties","logger":"scraper"}
{"timestamp":"2025-07-20T10:35:19.128086","level":"info","event":"Attempt 11: Found 110 properties","logger":"scraper"}
{"timestamp":"2025-07-20T10:35:22.238374","level":"info","event":"Attempt 12: Found 120 properties","logger":"scraper"}
{"timestamp":"2025-07-20T10:35:25.353531","level":"info","event":"Attempt 13: Found 130 properties","logger":"scraper"}
{"timestamp":"2025-07-20T10:35:28.431748","level":"info","event":"Attempt 14: Found 140 properties","logger":"scraper"}
{"timestamp":"2025-07-20T10:35:31.504257","level":"info","event":"Attempt 15: Found 150 properties","logger":"scraper"}
{"timestamp":"2025-07-20T10:35:36.574895","level":"info","event":"Attempt 16: Found 160 properties","logger":"scraper"}
{"timestamp":"2025-07-20T10:35:39.648707","level":"info","event":"Attempt 17: Found 170 properties","logger":"scraper"}
{"timestamp":"2025-07-20T10:35:42.742499","level":"info","event":"Attempt 18: Found 180 properties","logger":"scraper"}
{"timestamp":"2025-07-20T10:35:45.832426","level":"info","event":"Attempt 19: Found 190 properties","logger":"scraper"}
{"timestamp":"2025-07-20T10:35:48.912818","level":"info","event":"Attempt 20: Found 200 properties","logger":"scraper"}
{"timestamp":"2025-07-20T10:35:53.994425","level":"info","event":"Attempt 21: Found 210 properties","logger":"scraper"}
{"timestamp":"2025-07-20T10:35:57.112812","level":"info","event":"Attempt 22: Found 220 properties","logger":"scraper"}
{"timestamp":"2025-07-20T10:36:00.281648","level":"info","event":"Attempt 23: Found 230 properties","logger":"scraper"}
{"timestamp":"2025-07-20T10:36:03.416179","level":"info","event":"Attempt 24: Found 240 properties","logger":"scraper"}
{"timestamp":"2025-07-20T10:36:06.508032","level":"info","event":"Attempt 25: Found 250 properties","logger":"scraper"}
{"timestamp":"2025-07-20T10:36:11.613929","level":"info","event":"Attempt 26: Found 260 properties","logger":"scraper"}
{"timestamp":"2025-07-20T10:36:14.715342","level":"info","event":"Attempt 27: Found 270 properties","logger":"scraper"}
{"timestamp":"2025-07-20T10:36:17.820052","level":"info","event":"Attempt 28: Found 280 properties","logger":"scraper"}
{"timestamp":"2025-07-20T10:36:20.951424","level":"info","event":"Attempt 29: Found 290 properties","logger":"scraper"}
{"timestamp":"2025-07-20T10:36:24.116840","level":"info","event":"Attempt 30: Found 300 properties","logger":"scraper"}
{"timestamp":"2025-07-20T10:36:29.252691","level":"info","event":"Attempt 31: Found 310 properties","logger":"scraper"}
{"timestamp":"2025-07-20T10:36:32.375891","level":"info","event":"Attempt 32: Found 320 properties","logger":"scraper"}
{"timestamp":"2025-07-20T10:36:35.534318","level":"info","event":"Attempt 33: Found 330 properties","logger":"scraper"}
{"timestamp":"2025-07-20T10:36:38.682526","level":"info","event":"Attempt 34: Found 340 properties","logger":"scraper"}
{"timestamp":"2025-07-20T10:36:41.789703","level":"info","event":"Attempt 35: Found 350 properties","logger":"scraper"}
{"timestamp":"2025-07-20T10:36:46.907059","level":"info","event":"Attempt 36: Found 360 properties","logger":"scraper"}
{"timestamp":"2025-07-20T10:36:50.013528","level":"info","event":"Attempt 37: Found 370 properties","logger":"scraper"}
{"timestamp":"2025-07-20T10:36:53.131610","level":"info","event":"Attempt 38: Found 380 properties","logger":"scraper"}
{"timestamp":"2025-07-20T10:36:56.528525","level":"info","event":"Attempt 39: Found 390 properties","logger":"scraper"}
{"timestamp":"2025-07-20T10:36:59.655980","level":"info","event":"Attempt 40: Found 400 properties","logger":"scraper"}
{"timestamp":"2025-07-20T10:37:04.773694","level":"info","event":"Attempt 41: Found 410 properties","logger":"scraper"}
{"timestamp":"2025-07-20T10:37:07.876547","level":"info","event":"Attempt 42: Found 420 properties","logger":"scraper"}
{"timestamp":"2025-07-20T10:37:10.994232","level":"info","event":"Attempt 43: Found 430 properties","logger":"scraper"}
{"timestamp":"2025-07-20T10:37:14.107329","level":"info","event":"Attempt 44: Found 440 properties","logger":"scraper"}
{"timestamp":"2025-07-20T10:37:17.250055","level":"info","event":"Attempt 45: Found 450 properties","logger":"scraper"}
{"timestamp":"2025-07-20T10:37:22.356363","level":"info","event":"Attempt 46: Found 460 properties","logger":"scraper"}
{"timestamp":"2025-07-20T10:37:25.549500","level":"info","event":"Attempt 47: Found 470 properties","logger":"scraper"}
{"timestamp":"2025-07-20T10:37:28.645886","level":"info","event":"Attempt 48: Found 480 properties","logger":"scraper"}
{"timestamp":"2025-07-20T10:37:31.747611","level":"info","event":"Attempt 49: Found 490 properties","logger":"scraper"}
{"timestamp":"2025-07-20T10:37:34.841082","level":"info","event":"Attempt 50: Found 500 properties","logger":"scraper"}
{"timestamp":"2025-07-20T10:37:34.841361","level":"info","event":"Reached target of 500 properties, stopping scroll","logger":"scraper"}
{"timestamp":"2025-07-20T10:37:34.841429","level":"info","event":"Scrolling completed after 50 attempts","logger":"scraper"}
{"timestamp":"2025-07-20T10:37:34.873591","level":"info","event":"Found 500 property cards after scrolling","logger":"scraper"}
{"timestamp":"2025-07-20T10:37:34.873820","level":"info","event":"Processing card 1/500","logger":"scraper"}
{"timestamp":"2025-07-20T10:37:38.451709","level":"info","event":"Processing card 51/500","logger":"scraper"}
{"timestamp":"2025-07-20T10:37:41.161530","level":"info","event":"Processing card 101/500","logger":"scraper"}
{"timestamp":"2025-07-20T10:37:42.731788","level":"info","event":"Added 100 properties so far...","logger":"scraper"}
{"timestamp":"2025-07-20T10:37:45.595165","level":"info","event":"Processing card 151/500","logger":"scraper"}
{"timestamp":"2025-07-20T10:37:50.797841","level":"info","event":"Processing card 201/500","logger":"scraper"}
{"timestamp":"2025-07-20T10:37:53.687532","level":"info","event":"Added 200 properties so far...","logger":"scraper"}
{"timestamp":"2025-07-20T10:37:55.299114","level":"info","event":"Processing card 251/500","logger":"scraper"}
{"timestamp":"2025-07-20T10:37:58.886113","level":"info","event":"Processing card 301/500","logger":"scraper"}
{"timestamp":"2025-07-20T10:38:00.556435","level":"info","event":"Added 300 properties so far...","logger":"scraper"}
{"timestamp":"2025-07-20T10:38:01.519571","level":"info","event":"Processing card 351/500","logger":"scraper"}
{"timestamp":"2025-07-20T10:38:03.983565","level":"info","event":"Processing card 401/500","logger":"scraper"}
{"timestamp":"2025-07-20T10:38:05.755110","level":"info","event":"Added 400 properties so far...","logger":"scraper"}
{"timestamp":"2025-07-20T10:38:06.563509","level":"info","event":"Processing card 451/500","logger":"scraper"}
{"timestamp":"2025-07-20T10:38:09.180620","level":"info","event":"Successfully found properties with URL 1","logger":"scraper"}
{"timestamp":"2025-07-20T10:38:09.180901","level":"info","event":"Successfully scraped 464 unique properties from DealApp","logger":"scraper"}
{"timestamp":"2025-07-20T10:38:09.283491","level":"info","event":"Done. Returned value was: None","logger":"airflow.task.operators.airflow.providers.standard.operators.python.PythonOperator"}
