{"timestamp":"2025-07-20T01:03:35.208713","level":"info","event":"DAG bundles loaded: dags-folder","logger":"airflow.dag_processing.bundles.manager.DagBundlesManager"}
{"timestamp":"2025-07-20T01:03:35.212582","level":"info","event":"Filling up the DagBag from /opt/airflow/dags/etl_pipeline.py","logger":"airflow.models.dagbag.DagBag"}
{"timestamp":"2025-07-20T01:03:35.985196","level":"info","event":"====== WebDriver manager ======","logger":"WDM"}
{"timestamp":"2025-07-20T01:03:36.143823","level":"info","event":"Get LATEST chromedriver version for google-chrome","logger":"WDM"}
{"timestamp":"2025-07-20T01:03:36.450209","level":"info","event":"Get LATEST chromedriver version for google-chrome","logger":"WDM"}
{"timestamp":"2025-07-20T01:03:36.784514","level":"info","event":"Driver [/opt/airflow/scripts/.wdm/drivers/chromedriver/linux64/138.0.7204.157/chromedriver-linux64/THIRD_PARTY_NOTICES.chromedriver] found in cache","logger":"WDM"}
{"timestamp":"2025-07-20T01:03:36.805582","level":"warning","event":"ChromeDriver setup failed: [Errno 8] Exec format error: '/opt/airflow/scripts/.wdm/drivers/chromedriver/linux64/138.0.7204.157/chromedriver-linux64/THIRD_PARTY_NOTICES.chromedriver'","logger":"scraper"}
{"timestamp":"2025-07-20T01:03:37.777798","level":"info","event":"Chrome driver initialized with system Chrome","logger":"scraper"}
{"timestamp":"2025-07-20T01:03:37.778992","level":"info","event":"Starting DealApp scraping with max_properties=500...","logger":"scraper"}
{"timestamp":"2025-07-20T01:03:37.779165","level":"info","event":"Trying URL 1/4: https://dealapp.sa/ar/عقارات/الرياض/جميع_العقارات/بيع_و_إيجار","logger":"scraper"}
{"timestamp":"2025-07-20T01:03:41.300904","level":"info","event":"Listings page loaded","logger":"scraper"}
{"timestamp":"2025-07-20T01:03:44.300296","level":"info","event":"Applying filters for city: الرياض, district: None","logger":"scraper"}
{"timestamp":"2025-07-20T01:03:44.318859","level":"info","event":"Checking available filter elements...","logger":"scraper"}
{"timestamp":"2025-07-20T01:03:44.366150","level":"info","event":"Found 507 total elements on page","logger":"scraper"}
{"timestamp":"2025-07-20T01:03:44.399192","level":"info","event":"Filters applied successfully","logger":"scraper"}
{"timestamp":"2025-07-20T01:03:46.399670","level":"info","event":"Starting scroll to load properties (max: 500)...","logger":"scraper"}
{"timestamp":"2025-07-20T01:03:51.427784","level":"info","event":"Attempt 1: Found 10 properties","logger":"scraper"}
{"timestamp":"2025-07-20T01:03:54.550481","level":"info","event":"Attempt 2: Found 20 properties","logger":"scraper"}
{"timestamp":"2025-07-20T01:03:57.650577","level":"info","event":"Attempt 3: Found 30 properties","logger":"scraper"}
{"timestamp":"2025-07-20T01:04:00.757190","level":"info","event":"Attempt 4: Found 40 properties","logger":"scraper"}
{"timestamp":"2025-07-20T01:04:03.835909","level":"info","event":"Attempt 5: Found 50 properties","logger":"scraper"}
{"timestamp":"2025-07-20T01:04:08.920059","level":"info","event":"Attempt 6: Found 60 properties","logger":"scraper"}
{"timestamp":"2025-07-20T01:04:12.005619","level":"info","event":"Attempt 7: Found 70 properties","logger":"scraper"}
{"timestamp":"2025-07-20T01:04:15.087035","level":"info","event":"Attempt 8: Found 80 properties","logger":"scraper"}
{"timestamp":"2025-07-20T01:04:18.168653","level":"info","event":"Attempt 9: Found 90 properties","logger":"scraper"}
{"timestamp":"2025-07-20T01:04:21.252119","level":"info","event":"Attempt 10: Found 100 properties","logger":"scraper"}
{"timestamp":"2025-07-20T01:04:26.346742","level":"info","event":"Attempt 11: Found 110 properties","logger":"scraper"}
{"timestamp":"2025-07-20T01:04:29.448611","level":"info","event":"Attempt 12: Found 120 properties","logger":"scraper"}
{"timestamp":"2025-07-20T01:04:32.540024","level":"info","event":"Attempt 13: Found 130 properties","logger":"scraper"}
{"timestamp":"2025-07-20T01:04:35.647350","level":"info","event":"Attempt 14: Found 140 properties","logger":"scraper"}
{"timestamp":"2025-07-20T01:04:38.734654","level":"info","event":"Attempt 15: Found 150 properties","logger":"scraper"}
{"timestamp":"2025-07-20T01:04:43.836686","level":"info","event":"Attempt 16: Found 160 properties","logger":"scraper"}
{"timestamp":"2025-07-20T01:04:46.913331","level":"info","event":"Attempt 17: Found 170 properties","logger":"scraper"}
{"timestamp":"2025-07-20T01:04:49.996876","level":"info","event":"Attempt 18: Found 180 properties","logger":"scraper"}
{"timestamp":"2025-07-20T01:04:53.073817","level":"info","event":"Attempt 19: Found 190 properties","logger":"scraper"}
{"timestamp":"2025-07-20T01:04:56.191324","level":"info","event":"Attempt 20: Found 200 properties","logger":"scraper"}
{"timestamp":"2025-07-20T01:05:01.340638","level":"info","event":"Attempt 21: Found 210 properties","logger":"scraper"}
{"timestamp":"2025-07-20T01:05:04.449767","level":"info","event":"Attempt 22: Found 220 properties","logger":"scraper"}
{"timestamp":"2025-07-20T01:05:07.554119","level":"info","event":"Attempt 23: Found 230 properties","logger":"scraper"}
{"timestamp":"2025-07-20T01:05:10.672315","level":"info","event":"Attempt 24: Found 240 properties","logger":"scraper"}
{"timestamp":"2025-07-20T01:05:13.793207","level":"info","event":"Attempt 25: Found 250 properties","logger":"scraper"}
{"timestamp":"2025-07-20T01:05:18.897203","level":"info","event":"Attempt 26: Found 260 properties","logger":"scraper"}
{"timestamp":"2025-07-20T01:05:21.985849","level":"info","event":"Attempt 27: Found 270 properties","logger":"scraper"}
{"timestamp":"2025-07-20T01:05:25.085808","level":"info","event":"Attempt 28: Found 280 properties","logger":"scraper"}
{"timestamp":"2025-07-20T01:05:28.178141","level":"info","event":"Attempt 29: Found 290 properties","logger":"scraper"}
{"timestamp":"2025-07-20T01:05:31.275618","level":"info","event":"Attempt 30: Found 300 properties","logger":"scraper"}
{"timestamp":"2025-07-20T01:05:36.395589","level":"info","event":"Attempt 31: Found 310 properties","logger":"scraper"}
{"timestamp":"2025-07-20T01:05:39.515790","level":"info","event":"Attempt 32: Found 320 properties","logger":"scraper"}
{"timestamp":"2025-07-20T01:05:42.636071","level":"info","event":"Attempt 33: Found 330 properties","logger":"scraper"}
{"timestamp":"2025-07-20T01:05:45.760987","level":"info","event":"Attempt 34: Found 340 properties","logger":"scraper"}
{"timestamp":"2025-07-20T01:05:48.879432","level":"info","event":"Attempt 35: Found 350 properties","logger":"scraper"}
{"timestamp":"2025-07-20T01:05:53.987468","level":"info","event":"Attempt 36: Found 360 properties","logger":"scraper"}
{"timestamp":"2025-07-20T01:05:57.117057","level":"info","event":"Attempt 37: Found 370 properties","logger":"scraper"}
{"timestamp":"2025-07-20T01:06:00.243964","level":"info","event":"Attempt 38: Found 380 properties","logger":"scraper"}
{"timestamp":"2025-07-20T01:06:03.346837","level":"info","event":"Attempt 39: Found 390 properties","logger":"scraper"}
{"timestamp":"2025-07-20T01:06:06.746335","level":"info","event":"Attempt 40: Found 400 properties","logger":"scraper"}
{"timestamp":"2025-07-20T01:06:11.868457","level":"info","event":"Attempt 41: Found 410 properties","logger":"scraper"}
{"timestamp":"2025-07-20T01:06:15.005730","level":"info","event":"Attempt 42: Found 420 properties","logger":"scraper"}
{"timestamp":"2025-07-20T01:06:18.150618","level":"info","event":"Attempt 43: Found 430 properties","logger":"scraper"}
{"timestamp":"2025-07-20T01:06:21.322011","level":"info","event":"Attempt 44: Found 440 properties","logger":"scraper"}
{"timestamp":"2025-07-20T01:06:24.465524","level":"info","event":"Attempt 45: Found 450 properties","logger":"scraper"}
{"timestamp":"2025-07-20T01:06:29.589646","level":"info","event":"Attempt 46: Found 460 properties","logger":"scraper"}
{"timestamp":"2025-07-20T01:06:32.693202","level":"info","event":"Attempt 47: Found 470 properties","logger":"scraper"}
{"timestamp":"2025-07-20T01:06:35.794917","level":"info","event":"Attempt 48: Found 480 properties","logger":"scraper"}
{"timestamp":"2025-07-20T01:06:38.898694","level":"info","event":"Attempt 49: Found 490 properties","logger":"scraper"}
{"timestamp":"2025-07-20T01:06:42.010959","level":"info","event":"Attempt 50: Found 500 properties","logger":"scraper"}
{"timestamp":"2025-07-20T01:06:42.011276","level":"info","event":"Reached target of 500 properties, stopping scroll","logger":"scraper"}
{"timestamp":"2025-07-20T01:06:42.011360","level":"info","event":"Scrolling completed after 50 attempts","logger":"scraper"}
{"timestamp":"2025-07-20T01:06:42.049762","level":"info","event":"Found 500 property cards after scrolling","logger":"scraper"}
{"timestamp":"2025-07-20T01:06:42.049936","level":"info","event":"Processing card 1/500","logger":"scraper"}
{"timestamp":"2025-07-20T01:06:46.985940","level":"info","event":"Processing card 51/500","logger":"scraper"}
{"timestamp":"2025-07-20T01:06:51.266309","level":"info","event":"Processing card 101/500","logger":"scraper"}
{"timestamp":"2025-07-20T01:06:52.620844","level":"info","event":"Added 100 properties so far...","logger":"scraper"}
{"timestamp":"2025-07-20T01:06:55.041802","level":"info","event":"Processing card 151/500","logger":"scraper"}
{"timestamp":"2025-07-20T01:07:00.403366","level":"info","event":"Processing card 201/500","logger":"scraper"}
{"timestamp":"2025-07-20T01:07:01.737736","level":"info","event":"Added 200 properties so far...","logger":"scraper"}
{"timestamp":"2025-07-20T01:07:04.327918","level":"info","event":"Processing card 251/500","logger":"scraper"}
{"timestamp":"2025-07-20T01:07:07.573947","level":"info","event":"Processing card 301/500","logger":"scraper"}
{"timestamp":"2025-07-20T01:07:08.802454","level":"info","event":"Added 300 properties so far...","logger":"scraper"}
{"timestamp":"2025-07-20T01:07:10.650600","level":"info","event":"Processing card 351/500","logger":"scraper"}
{"timestamp":"2025-07-20T01:07:13.567185","level":"info","event":"Processing card 401/500","logger":"scraper"}
{"timestamp":"2025-07-20T01:07:15.810189","level":"info","event":"Added 400 properties so far...","logger":"scraper"}
{"timestamp":"2025-07-20T01:07:16.482886","level":"info","event":"Processing card 451/500","logger":"scraper"}
{"timestamp":"2025-07-20T01:07:19.751175","level":"info","event":"Successfully found properties with URL 1","logger":"scraper"}
{"timestamp":"2025-07-20T01:07:19.751345","level":"info","event":"Successfully scraped 458 unique properties from DealApp","logger":"scraper"}
{"timestamp":"2025-07-20T01:07:19.865170","level":"info","event":"Done. Returned value was: None","logger":"airflow.task.operators.airflow.providers.standard.operators.python.PythonOperator"}
