{"timestamp":"2025-07-20T21:10:48.953639","level":"info","event":"DAG bundles loaded: dags-folder","logger":"airflow.dag_processing.bundles.manager.DagBundlesManager"}
{"timestamp":"2025-07-20T21:10:48.954195","level":"info","event":"Filling up the DagBag from /opt/airflow/dags/etl_pipeline_v2.py","logger":"airflow.models.dagbag.DagBag"}
{"timestamp":"2025-07-20T21:10:49.606267","level":"warning","event":"Passing literal json to 'read_json' is deprecated and will be removed in a future version. To read from a literal string, wrap it in a 'StringIO' object.","category":"FutureWarning","filename":"/opt/airflow/dags/etl_pipeline_v2.py","lineno":38,"logger":"py.warnings"}
{"timestamp":"2025-07-20T21:10:49.672500Z","level":"info","event":"DEBUG: DataFrame columns before loading: ['property_id', 'title', 'price', 'location', 'bedrooms', 'area', 'property_type', 'property_type_standard', 'price_per_sqm', 'price_per_bedroom', 'neighborhood', 'source', 'scraped_date', 'processed_date', 'created_at']","chan":"stdout","logger":"task"}
{"timestamp":"2025-07-20T21:10:49.680853","level":"info","event":"Successfully connected to PostgreSQL database","logger":"loader"}
{"timestamp":"2025-07-20T21:10:49.717593","level":"info","event":"Database tables created successfully","logger":"loader"}
{"timestamp":"2025-07-20T21:10:50.200529","level":"info","event":"Successfully loaded 10022 properties to database from DataFrame","logger":"loader"}
{"timestamp":"2025-07-20T21:10:50.201215","level":"info","event":"Starting comprehensive analysis...","logger":"loader"}
{"timestamp":"2025-07-20T21:10:50.224470","level":"info","event":"Analysis tables and views created successfully","logger":"loader"}
{"timestamp":"2025-07-20T21:10:50.272835","level":"info","event":"Correlation analysis completed","logger":"loader"}
{"timestamp":"2025-07-20T21:10:50.276735","level":"error","event":"Error in sales valuation analysis: unsupported operand type(s) for /: 'decimal.Decimal' and 'float'","logger":"loader"}
{"timestamp":"2025-07-20T21:10:50.295111","level":"info","event":"Average price tables populated successfully","logger":"loader"}
{"timestamp":"2025-07-20T21:10:50.301629","level":"info","event":"Yasameen 3BR report populated successfully","logger":"loader"}
{"timestamp":"2025-07-20T21:10:50.309008","level":"info","event":"Successfully loaded comprehensive_report analysis results","logger":"loader"}
{"timestamp":"2025-07-20T21:10:50.309160","level":"info","event":"Comprehensive analysis report generated successfully","logger":"loader"}
{"timestamp":"2025-07-20T21:10:50.309239","level":"info","event":"Complete analysis finished successfully","logger":"loader"}
{"timestamp":"2025-07-20T21:10:50.309283","level":"info","event":"Created dedicated analysis tables:","logger":"loader"}
{"timestamp":"2025-07-20T21:10:50.309323","level":"info","event":"- rent_increase_analysis","logger":"loader"}
{"timestamp":"2025-07-20T21:10:50.309362","level":"info","event":"- correlation_analysis","logger":"loader"}
{"timestamp":"2025-07-20T21:10:50.309401","level":"info","event":"- sales_valuation_analysis","logger":"loader"}
{"timestamp":"2025-07-20T21:10:50.309478","level":"info","event":"- avg_price_by_location","logger":"loader"}
{"timestamp":"2025-07-20T21:10:50.309522","level":"info","event":"- avg_price_by_bedroom","logger":"loader"}
{"timestamp":"2025-07-20T21:10:50.309561","level":"info","event":"- yasameen_3br_report","logger":"loader"}
{"timestamp":"2025-07-20T21:10:50.309601","level":"info","event":"Created 0 recommendations","logger":"loader"}
{"timestamp":"2025-07-20T21:10:50.310057","level":"info","event":"Database connection closed","logger":"loader"}
{"timestamp":"2025-07-20T21:10:50.313342","level":"info","event":"Done. Returned value was: None","logger":"airflow.task.operators.airflow.providers.standard.operators.python.PythonOperator"}
