{"timestamp":"2025-07-20T10:38:13.048210","level":"info","event":"DAG bundles loaded: dags-folder","logger":"airflow.dag_processing.bundles.manager.DagBundlesManager"}
{"timestamp":"2025-07-20T10:38:13.048836","level":"info","event":"Filling up the DagBag from /opt/airflow/dags/etl_pipeline.py","logger":"airflow.models.dagbag.DagBag"}
{"timestamp":"2025-07-20T10:38:13.685526","level":"warning","event":"Passing literal json to 'read_json' is deprecated and will be removed in a future version. To read from a literal string, wrap it in a 'StringIO' object.","category":"FutureWarning","filename":"/opt/airflow/dags/etl_pipeline.py","lineno":40,"logger":"py.warnings"}
{"timestamp":"2025-07-20T10:38:13.761923","level":"info","event":"Successfully connected to PostgreSQL database","logger":"loader"}
{"timestamp":"2025-07-20T10:38:13.784780","level":"info","event":"Database tables created successfully","logger":"loader"}
{"timestamp":"2025-07-20T10:38:14.432789","level":"info","event":"Successfully loaded 10039 properties to database from DataFrame","logger":"loader"}
{"timestamp":"2025-07-20T10:38:14.432958","level":"info","event":"Starting comprehensive analysis...","logger":"loader"}
{"timestamp":"2025-07-20T10:38:14.450895","level":"info","event":"Analysis tables and views created successfully","logger":"loader"}
{"timestamp":"2025-07-20T10:38:14.484570","level":"info","event":"Correlation analysis completed","logger":"loader"}
{"timestamp":"2025-07-20T10:38:14.489083","level":"error","event":"Error in sales valuation analysis: unsupported operand type(s) for /: 'decimal.Decimal' and 'float'","logger":"loader"}
{"timestamp":"2025-07-20T10:38:14.507517","level":"info","event":"Average price tables populated successfully","logger":"loader"}
{"timestamp":"2025-07-20T10:38:14.512921","level":"info","event":"Yasameen 3BR report populated successfully","logger":"loader"}
{"timestamp":"2025-07-20T10:38:14.520007","level":"error","event":"Error loading analysis results: 'Connection' object has no attribute 'commit'","logger":"loader"}
{"timestamp":"2025-07-20T10:38:14.520154","level":"info","event":"Comprehensive analysis report generated successfully","logger":"loader"}
{"timestamp":"2025-07-20T10:38:14.520220","level":"info","event":"Complete analysis finished successfully","logger":"loader"}
{"timestamp":"2025-07-20T10:38:14.520271","level":"info","event":"Created dedicated analysis tables:","logger":"loader"}
{"timestamp":"2025-07-20T10:38:14.520331","level":"info","event":"- rent_increase_analysis","logger":"loader"}
{"timestamp":"2025-07-20T10:38:14.520394","level":"info","event":"- correlation_analysis","logger":"loader"}
{"timestamp":"2025-07-20T10:38:14.520456","level":"info","event":"- sales_valuation_analysis","logger":"loader"}
{"timestamp":"2025-07-20T10:38:14.520512","level":"info","event":"- avg_price_by_location","logger":"loader"}
{"timestamp":"2025-07-20T10:38:14.520562","level":"info","event":"- avg_price_by_bedroom","logger":"loader"}
{"timestamp":"2025-07-20T10:38:14.520612","level":"info","event":"- yasameen_3br_report","logger":"loader"}
{"timestamp":"2025-07-20T10:38:14.520664","level":"info","event":"Created 0 recommendations","logger":"loader"}
{"timestamp":"2025-07-20T10:38:14.521092","level":"info","event":"Database connection closed","logger":"loader"}
{"timestamp":"2025-07-20T10:38:14.524501","level":"info","event":"Done. Returned value was: None","logger":"airflow.task.operators.airflow.providers.standard.operators.python.PythonOperator"}
