{"timestamp":"2025-07-21T01:13:17.157454","level":"info","event":"DAG bundles loaded: dags-folder","logger":"airflow.dag_processing.bundles.manager.DagBundlesManager"}
{"timestamp":"2025-07-21T01:13:17.158106","level":"info","event":"Filling up the DagBag from /opt/airflow/dags/etl_pipeline_v2.py","logger":"airflow.models.dagbag.DagBag"}
{"timestamp":"2025-07-21T01:13:18.074948","level":"info","event":"====== WebDriver manager ======","logger":"WDM"}
{"timestamp":"2025-07-21T01:13:18.216371","level":"info","event":"Get LATEST chromedriver version for google-chrome","logger":"WDM"}
{"timestamp":"2025-07-21T01:13:18.543916","level":"info","event":"Get LATEST chromedriver version for google-chrome","logger":"WDM"}
{"timestamp":"2025-07-21T01:13:18.870557","level":"info","event":"Driver [/opt/airflow/scripts/.wdm/drivers/chromedriver/linux64/138.0.7204.157/chromedriver-linux64/chromedriver] found in cache","logger":"WDM"}
{"timestamp":"2025-07-21T01:13:20.091317","level":"info","event":"Chrome driver initialized successfully","logger":"scraper"}
{"timestamp":"2025-07-21T01:13:20.091511","level":"info","event":"Starting DealApp scraping with max_properties=300...","logger":"scraper"}
{"timestamp":"2025-07-21T01:13:20.091584","level":"info","event":"Trying URL 1/4: https://dealapp.sa/ar/عقارات/الرياض/جميع_العقارات/بيع_و_إيجار","logger":"scraper"}
{"timestamp":"2025-07-21T01:13:24.605277","level":"info","event":"Listings page loaded","logger":"scraper"}
{"timestamp":"2025-07-21T01:13:27.605870","level":"info","event":"Applying filters for city: الرياض, district: None","logger":"scraper"}
{"timestamp":"2025-07-21T01:13:27.625668","level":"info","event":"Checking available filter elements...","logger":"scraper"}
{"timestamp":"2025-07-21T01:13:27.716003","level":"info","event":"Found 516 total elements on page","logger":"scraper"}
{"timestamp":"2025-07-21T01:13:27.758494","level":"info","event":"Filters applied successfully","logger":"scraper"}
{"timestamp":"2025-07-21T01:13:29.759345","level":"info","event":"Starting scroll to load properties (max: 300)...","logger":"scraper"}
{"timestamp":"2025-07-21T01:13:34.781391","level":"info","event":"Attempt 1: Found 10 properties","logger":"scraper"}
{"timestamp":"2025-07-21T01:13:37.858622","level":"info","event":"Attempt 2: Found 20 properties","logger":"scraper"}
{"timestamp":"2025-07-21T01:13:40.946300","level":"info","event":"Attempt 3: Found 30 properties","logger":"scraper"}
{"timestamp":"2025-07-21T01:13:44.031258","level":"info","event":"Attempt 4: Found 40 properties","logger":"scraper"}
{"timestamp":"2025-07-21T01:13:47.105618","level":"info","event":"Attempt 5: Found 50 properties","logger":"scraper"}
{"timestamp":"2025-07-21T01:13:52.187326","level":"info","event":"Attempt 6: Found 60 properties","logger":"scraper"}
{"timestamp":"2025-07-21T01:13:55.264745","level":"info","event":"Attempt 7: Found 70 properties","logger":"scraper"}
{"timestamp":"2025-07-21T01:13:58.331443","level":"info","event":"Attempt 8: Found 80 properties","logger":"scraper"}
{"timestamp":"2025-07-21T01:14:01.406823","level":"info","event":"Attempt 9: Found 90 properties","logger":"scraper"}
{"timestamp":"2025-07-21T01:14:04.498741","level":"info","event":"Attempt 10: Found 100 properties","logger":"scraper"}
{"timestamp":"2025-07-21T01:14:09.597010","level":"info","event":"Attempt 11: Found 110 properties","logger":"scraper"}
{"timestamp":"2025-07-21T01:14:12.676273","level":"info","event":"Attempt 12: Found 120 properties","logger":"scraper"}
{"timestamp":"2025-07-21T01:14:15.763032","level":"info","event":"Attempt 13: Found 130 properties","logger":"scraper"}
{"timestamp":"2025-07-21T01:14:18.842443","level":"info","event":"Attempt 14: Found 140 properties","logger":"scraper"}
{"timestamp":"2025-07-21T01:14:21.939743","level":"info","event":"Attempt 15: Found 150 properties","logger":"scraper"}
{"timestamp":"2025-07-21T01:14:27.048586","level":"info","event":"Attempt 16: Found 160 properties","logger":"scraper"}
{"timestamp":"2025-07-21T01:14:30.120055","level":"info","event":"Attempt 17: Found 170 properties","logger":"scraper"}
{"timestamp":"2025-07-21T01:14:33.223340","level":"info","event":"Attempt 18: Found 180 properties","logger":"scraper"}
{"timestamp":"2025-07-21T01:14:36.535957","level":"info","event":"Attempt 19: Found 190 properties","logger":"scraper"}
{"timestamp":"2025-07-21T01:14:39.687552","level":"info","event":"Attempt 20: Found 200 properties","logger":"scraper"}
{"timestamp":"2025-07-21T01:14:44.787914","level":"info","event":"Attempt 21: Found 210 properties","logger":"scraper"}
{"timestamp":"2025-07-21T01:14:47.906511","level":"info","event":"Attempt 22: Found 220 properties","logger":"scraper"}
{"timestamp":"2025-07-21T01:14:51.028264","level":"info","event":"Attempt 23: Found 230 properties","logger":"scraper"}
{"timestamp":"2025-07-21T01:14:54.124943","level":"info","event":"Attempt 24: Found 240 properties","logger":"scraper"}
{"timestamp":"2025-07-21T01:14:57.192119","level":"info","event":"Attempt 25: Found 250 properties","logger":"scraper"}
{"timestamp":"2025-07-21T01:15:02.285866","level":"info","event":"Attempt 26: Found 260 properties","logger":"scraper"}
{"timestamp":"2025-07-21T01:15:05.371291","level":"info","event":"Attempt 27: Found 270 properties","logger":"scraper"}
{"timestamp":"2025-07-21T01:15:08.456468","level":"info","event":"Attempt 28: Found 280 properties","logger":"scraper"}
{"timestamp":"2025-07-21T01:15:11.591341","level":"info","event":"Attempt 29: Found 290 properties","logger":"scraper"}
{"timestamp":"2025-07-21T01:15:14.749894","level":"info","event":"Attempt 30: Found 300 properties","logger":"scraper"}
{"timestamp":"2025-07-21T01:15:14.750192","level":"info","event":"Reached target of 300 properties, stopping scroll","logger":"scraper"}
{"timestamp":"2025-07-21T01:15:14.750350","level":"info","event":"Scrolling completed after 30 attempts","logger":"scraper"}
{"timestamp":"2025-07-21T01:15:14.807622","level":"info","event":"Found 300 property cards after scrolling","logger":"scraper"}
{"timestamp":"2025-07-21T01:15:14.807954","level":"info","event":"Processing card 1/300","logger":"scraper"}
{"timestamp":"2025-07-21T01:15:19.794992","level":"info","event":"Processing card 51/300","logger":"scraper"}
{"timestamp":"2025-07-21T01:15:23.104486","level":"info","event":"Processing card 101/300","logger":"scraper"}
{"timestamp":"2025-07-21T01:15:23.175966","level":"info","event":"Added 100 properties so far...","logger":"scraper"}
{"timestamp":"2025-07-21T01:15:26.942760","level":"info","event":"Processing card 151/300","logger":"scraper"}
{"timestamp":"2025-07-21T01:15:30.404032","level":"info","event":"Processing card 201/300","logger":"scraper"}
{"timestamp":"2025-07-21T01:15:30.643875","level":"info","event":"Added 200 properties so far...","logger":"scraper"}
{"timestamp":"2025-07-21T01:15:33.345867","level":"info","event":"Processing card 251/300","logger":"scraper"}
{"timestamp":"2025-07-21T01:15:36.045803","level":"info","event":"Successfully found properties with URL 1","logger":"scraper"}
{"timestamp":"2025-07-21T01:15:36.046014","level":"info","event":"Successfully scraped 294 unique properties from DealApp","logger":"scraper"}
{"timestamp":"2025-07-21T01:15:36.051032Z","level":"info","event":"Scraped 294 properties","chan":"stdout","logger":"task"}
{"timestamp":"2025-07-21T01:15:36.156863","level":"info","event":"Done. Returned value was: 294","logger":"airflow.task.operators.airflow.providers.standard.operators.python.PythonOperator"}
{"timestamp":"2025-07-21T01:15:36.157415","level":"info","event":"Pushing xcom","ti":"RuntimeTaskInstance(id=UUID('01982a8a-cbda-7237-9ae4-602b49eb12b1'), task_id='scrape', dag_id='realestate_etl_pipeline_v2', run_id='manual__2025-07-21T01:13:15.915030+00:00', try_number=1, map_index=-1, hostname='d9baf7fb2a61', context_carrier=None, task=<Task(PythonOperator): scrape>, bundle_instance=LocalDagBundle(name=dags-folder), max_tries=1, start_date=datetime.datetime(2025, 7, 21, 1, 13, 17, 93329, tzinfo=TzInfo(UTC)), end_date=None, is_mapped=False)","logger":"task"}
