{"timestamp":"2025-07-21T20:21:38.273103","level":"info","event":"DAG bundles loaded: dags-folder","logger":"airflow.dag_processing.bundles.manager.DagBundlesManager"}
{"timestamp":"2025-07-21T20:21:38.274427","level":"info","event":"Filling up the DagBag from /opt/airflow/dags/etl_pipeline_v2.py","logger":"airflow.models.dagbag.DagBag"}
{"timestamp":"2025-07-21T20:21:39.811923","level":"warning","event":"Passing literal json to 'read_json' is deprecated and will be removed in a future version. To read from a literal string, wrap it in a 'StringIO' object.","category":"FutureWarning","filename":"/opt/airflow/dags/etl_pipeline_v2.py","lineno":57,"logger":"py.warnings"}
{"timestamp":"2025-07-21T20:21:39.867731","level":"info","event":"Successfully connected to PostgreSQL database","logger":"loader"}
{"timestamp":"2025-07-21T20:21:39.896862","level":"info","event":"All required tables already exist. Skipping creation.","logger":"loader"}
{"timestamp":"2025-07-21T20:21:39.897162","level":"info","event":"Tables in public schema: ['avg_price_by_bedroom', 'avg_price_by_location', 'correlation_analysis', 'correlation_matrix_view', 'properties', 'rent_increase_analysis', 'sales_valuation_analysis', 'statistics', 'yasameen_3br_report']","logger":"loader"}
{"timestamp":"2025-07-21T20:21:39.916340","level":"info","event":"Found unique constraint(s): ['properties_property_id_key']","logger":"loader"}
{"timestamp":"2025-07-21T20:21:39.917049","level":"info","event":"Loading 2 properties to database using batch UPSERT","logger":"loader"}
{"timestamp":"2025-07-21T20:21:39.918181","level":"info","event":"Property IDs in data: 2 unique IDs","logger":"loader"}
{"timestamp":"2025-07-21T20:21:39.972988","level":"info","event":"Found 10249 existing property_ids in database","logger":"loader"}
{"timestamp":"2025-07-21T20:21:39.974321","level":"info","event":"Found 2 existing property_ids that will be updated","logger":"loader"}
{"timestamp":"2025-07-21T20:21:39.974574","level":"info","event":"Sample duplicate IDs: ['1b87659b-dc5c-4d2a-b312-c79a20de9abe', '8919c293-2380-42d1-bceb-52605c8d27e0']","logger":"loader"}
{"timestamp":"2025-07-21T20:21:40.003381","level":"info","event":"Executing batch UPSERT with 2 records","logger":"loader"}
{"timestamp":"2025-07-21T20:21:40.003720","level":"info","event":"UPSERT Query: \n            INSERT INTO properties (property_id, price, bedrooms, area, bathrooms, property_type, property_type_standard, price_per_sqm, price_per_bedroom, city, neighborhood, listing_type, source, processed_date, created_at)\n            VALUES (:property_id, :price, :bedrooms, :area, :bathrooms, :property_type, :property_type_standard, :price_per_sqm, :price_per_bedroom, :city, :neighborhood, :listing_type, :source, :processed_date, :created_at)\n            ON CONFLICT (property_id) DO UPDATE SET\n                property_id = EXCLUDED.property_id, price = EXCLUDED.price, bedrooms = EXCLUDED.bedrooms, area = EXCLUDED.area, bathrooms = EXCLUDED.bathrooms, property_type = EXCLUDED.property_type, property_type_standard = EXCLUDED.property_type_standard, price_per_sqm = EXCLUDED.price_per_sqm, price_per_bedroom = EXCLUDED.price_per_bedroom, city = EXCLUDED.city, neighborhood = EXCLUDED.neighborhood, listing_type = EXCLUDED.listing_type, source = EXCLUDED.source, processed_date = EXCLUDED.processed_date\n            ","logger":"loader"}
{"timestamp":"2025-07-21T20:21:40.333448","level":"info","event":"Batch UPSERT completed successfully","logger":"loader"}
{"timestamp":"2025-07-21T20:21:40.333793","level":"info","event":"Successfully batch upserted 2 properties to database from DataFrame","logger":"loader"}
{"timestamp":"2025-07-21T20:21:40.335086","level":"info","event":"Database connection closed","logger":"loader"}
{"timestamp":"2025-07-21T20:21:40.336082","level":"info","event":"Done. Returned value was: 2","logger":"airflow.task.operators.airflow.providers.standard.operators.python.PythonOperator"}
{"timestamp":"2025-07-21T20:21:40.336360","level":"info","event":"Pushing xcom","ti":"RuntimeTaskInstance(id=UUID('01982ea4-c34e-7596-8832-a3b2ad7cc245'), task_id='load', dag_id='realestate_etl_pipeline_v2', run_id='manual__2025-07-21T20:20:06.516106+00:00', try_number=1, map_index=-1, hostname='153eb81b0c0f', context_carrier=None, task=<Task(PythonOperator): load>, bundle_instance=LocalDagBundle(name=dags-folder), max_tries=1, start_date=datetime.datetime(2025, 7, 21, 20, 21, 38, 168875, tzinfo=TzInfo(UTC)), end_date=None, is_mapped=False)","logger":"task"}
{"timestamp":"2025-07-21T20:21:40.349447Z","level":"info","event":"Loaded 2 properties into database","chan":"stdout","logger":"task"}
