{"timestamp":"2025-07-20T23:30:01.522804","level":"info","event":"DAG bundles loaded: dags-folder","logger":"airflow.dag_processing.bundles.manager.DagBundlesManager"}
{"timestamp":"2025-07-20T23:30:01.523591","level":"info","event":"Filling up the DagBag from /opt/airflow/dags/etl_pipeline_v2.py","logger":"airflow.models.dagbag.DagBag"}
{"timestamp":"2025-07-20T23:30:02.380363","level":"info","event":"====== WebDriver manager ======","logger":"WDM"}
{"timestamp":"2025-07-20T23:30:02.594025","level":"info","event":"Get LATEST chromedriver version for google-chrome","logger":"WDM"}
{"timestamp":"2025-07-20T23:30:02.937859","level":"info","event":"Get LATEST chromedriver version for google-chrome","logger":"WDM"}
{"timestamp":"2025-07-20T23:30:03.291325","level":"info","event":"Driver [/opt/airflow/scripts/.wdm/drivers/chromedriver/linux64/138.0.7204.157/chromedriver-linux64/THIRD_PARTY_NOTICES.chromedriver] found in cache","logger":"WDM"}
{"timestamp":"2025-07-20T23:30:03.316439","level":"warning","event":"ChromeDriver setup failed: [Errno 8] Exec format error: '/opt/airflow/scripts/.wdm/drivers/chromedriver/linux64/138.0.7204.157/chromedriver-linux64/THIRD_PARTY_NOTICES.chromedriver'","logger":"scraper"}
{"timestamp":"2025-07-20T23:30:05.042777","level":"info","event":"Chrome driver initialized with system Chrome","logger":"scraper"}
{"timestamp":"2025-07-20T23:30:05.043124","level":"info","event":"Starting DealApp scraping with max_properties=300...","logger":"scraper"}
{"timestamp":"2025-07-20T23:30:05.043213","level":"info","event":"Trying URL 1/4: https://dealapp.sa/ar/عقارات/الرياض/جميع_العقارات/بيع_و_إيجار","logger":"scraper"}
{"timestamp":"2025-07-20T23:30:10.389131","level":"info","event":"Listings page loaded","logger":"scraper"}
{"timestamp":"2025-07-20T23:30:13.389877","level":"info","event":"Applying filters for city: الرياض, district: None","logger":"scraper"}
{"timestamp":"2025-07-20T23:30:13.403931","level":"info","event":"Checking available filter elements...","logger":"scraper"}
{"timestamp":"2025-07-20T23:30:13.443583","level":"info","event":"Found 525 total elements on page","logger":"scraper"}
{"timestamp":"2025-07-20T23:30:13.471462","level":"info","event":"Filters applied successfully","logger":"scraper"}
{"timestamp":"2025-07-20T23:30:15.471888","level":"info","event":"Starting scroll to load properties (max: 300)...","logger":"scraper"}
{"timestamp":"2025-07-20T23:30:20.491653","level":"info","event":"Attempt 1: Found 10 properties","logger":"scraper"}
{"timestamp":"2025-07-20T23:30:23.557376","level":"info","event":"Attempt 2: Found 20 properties","logger":"scraper"}
{"timestamp":"2025-07-20T23:30:26.630357","level":"info","event":"Attempt 3: Found 30 properties","logger":"scraper"}
{"timestamp":"2025-07-20T23:30:29.714832","level":"info","event":"Attempt 4: Found 40 properties","logger":"scraper"}
{"timestamp":"2025-07-20T23:30:32.845400","level":"info","event":"Attempt 5: Found 50 properties","logger":"scraper"}
{"timestamp":"2025-07-20T23:30:37.934308","level":"info","event":"Attempt 6: Found 60 properties","logger":"scraper"}
{"timestamp":"2025-07-20T23:30:41.041422","level":"info","event":"Attempt 7: Found 70 properties","logger":"scraper"}
{"timestamp":"2025-07-20T23:30:44.116509","level":"info","event":"Attempt 8: Found 80 properties","logger":"scraper"}
{"timestamp":"2025-07-20T23:30:47.236986","level":"info","event":"Attempt 9: Found 90 properties","logger":"scraper"}
{"timestamp":"2025-07-20T23:30:50.386774","level":"info","event":"Attempt 10: Found 100 properties","logger":"scraper"}
{"timestamp":"2025-07-20T23:30:55.484179","level":"info","event":"Attempt 11: Found 110 properties","logger":"scraper"}
{"timestamp":"2025-07-20T23:30:58.550685","level":"info","event":"Attempt 12: Found 120 properties","logger":"scraper"}
{"timestamp":"2025-07-20T23:31:01.635801","level":"info","event":"Attempt 13: Found 130 properties","logger":"scraper"}
{"timestamp":"2025-07-20T23:31:04.734819","level":"info","event":"Attempt 14: Found 140 properties","logger":"scraper"}
{"timestamp":"2025-07-20T23:31:07.824377","level":"info","event":"Attempt 15: Found 150 properties","logger":"scraper"}
{"timestamp":"2025-07-20T23:31:12.921022","level":"info","event":"Attempt 16: Found 160 properties","logger":"scraper"}
{"timestamp":"2025-07-20T23:31:16.005792","level":"info","event":"Attempt 17: Found 170 properties","logger":"scraper"}
{"timestamp":"2025-07-20T23:31:19.098475","level":"info","event":"Attempt 18: Found 180 properties","logger":"scraper"}
{"timestamp":"2025-07-20T23:31:22.211398","level":"info","event":"Attempt 19: Found 190 properties","logger":"scraper"}
{"timestamp":"2025-07-20T23:31:25.319226","level":"info","event":"Attempt 20: Found 200 properties","logger":"scraper"}
{"timestamp":"2025-07-20T23:31:30.431069","level":"info","event":"Attempt 21: Found 210 properties","logger":"scraper"}
{"timestamp":"2025-07-20T23:31:33.539179","level":"info","event":"Attempt 22: Found 220 properties","logger":"scraper"}
{"timestamp":"2025-07-20T23:31:36.696664","level":"info","event":"Attempt 23: Found 230 properties","logger":"scraper"}
{"timestamp":"2025-07-20T23:31:39.882464","level":"info","event":"Attempt 24: Found 240 properties","logger":"scraper"}
{"timestamp":"2025-07-20T23:31:43.100796","level":"info","event":"Attempt 25: Found 250 properties","logger":"scraper"}
{"timestamp":"2025-07-20T23:31:48.246088","level":"info","event":"Attempt 26: Found 260 properties","logger":"scraper"}
{"timestamp":"2025-07-20T23:31:51.340450","level":"info","event":"Attempt 27: Found 270 properties","logger":"scraper"}
{"timestamp":"2025-07-20T23:31:54.438697","level":"info","event":"Attempt 28: Found 280 properties","logger":"scraper"}
{"timestamp":"2025-07-20T23:31:57.571210","level":"info","event":"Attempt 29: Found 290 properties","logger":"scraper"}
{"timestamp":"2025-07-20T23:32:00.687677","level":"info","event":"Attempt 30: Found 300 properties","logger":"scraper"}
{"timestamp":"2025-07-20T23:32:00.687850","level":"info","event":"Reached target of 300 properties, stopping scroll","logger":"scraper"}
{"timestamp":"2025-07-20T23:32:00.687931","level":"info","event":"Scrolling completed after 30 attempts","logger":"scraper"}
{"timestamp":"2025-07-20T23:32:00.720881","level":"info","event":"Found 300 property cards after scrolling","logger":"scraper"}
{"timestamp":"2025-07-20T23:32:00.721111","level":"info","event":"Processing card 1/300","logger":"scraper"}
{"timestamp":"2025-07-20T23:32:05.605322","level":"info","event":"Processing card 51/300","logger":"scraper"}
{"timestamp":"2025-07-20T23:32:08.631168","level":"info","event":"Processing card 101/300","logger":"scraper"}
{"timestamp":"2025-07-20T23:32:08.725147","level":"info","event":"Added 100 properties so far...","logger":"scraper"}
{"timestamp":"2025-07-20T23:32:11.444902","level":"info","event":"Processing card 151/300","logger":"scraper"}
{"timestamp":"2025-07-20T23:32:16.150880","level":"info","event":"Processing card 201/300","logger":"scraper"}
{"timestamp":"2025-07-20T23:32:16.631942","level":"info","event":"Added 200 properties so far...","logger":"scraper"}
{"timestamp":"2025-07-20T23:32:20.432697","level":"info","event":"Processing card 251/300","logger":"scraper"}
{"timestamp":"2025-07-20T23:32:24.118704","level":"info","event":"Successfully found properties with URL 1","logger":"scraper"}
{"timestamp":"2025-07-20T23:32:24.118984","level":"info","event":"Successfully scraped 293 unique properties from DealApp","logger":"scraper"}
{"timestamp":"2025-07-20T23:32:24.137899Z","level":"info","event":"Scraped 293 properties","chan":"stdout","logger":"task"}
{"timestamp":"2025-07-20T23:32:24.272702","level":"info","event":"Done. Returned value was: 293","logger":"airflow.task.operators.airflow.providers.standard.operators.python.PythonOperator"}
{"timestamp":"2025-07-20T23:32:24.273767","level":"info","event":"Pushing xcom","ti":"RuntimeTaskInstance(id=UUID('01982a2c-4336-7991-9b00-7450f803b66a'), task_id='scrape', dag_id='realestate_etl_pipeline_v2', run_id='manual__2025-07-20T23:30:00.604796+00:00', try_number=1, map_index=-1, hostname='d9baf7fb2a61', context_carrier=None, task=<Task(PythonOperator): scrape>, bundle_instance=LocalDagBundle(name=dags-folder), max_tries=1, start_date=datetime.datetime(2025, 7, 20, 23, 30, 1, 429504, tzinfo=TzInfo(UTC)), end_date=None, is_mapped=False)","logger":"task"}
