{"timestamp":"2025-07-21T01:28:12.948000","level":"info","event":"DAG bundles loaded: dags-folder","logger":"airflow.dag_processing.bundles.manager.DagBundlesManager"}
{"timestamp":"2025-07-21T01:28:12.949422","level":"info","event":"Filling up the DagBag from /opt/airflow/dags/etl_pipeline_v2.py","logger":"airflow.models.dagbag.DagBag"}
{"timestamp":"2025-07-21T01:28:14.456025","level":"info","event":"====== WebDriver manager ======","logger":"WDM"}
{"timestamp":"2025-07-21T01:28:14.641657","level":"info","event":"Get LATEST chromedriver version for google-chrome","logger":"WDM"}
{"timestamp":"2025-07-21T01:28:14.949933","level":"info","event":"Get LATEST chromedriver version for google-chrome","logger":"WDM"}
{"timestamp":"2025-07-21T01:28:15.246059","level":"info","event":"Driver [/opt/airflow/scripts/.wdm/drivers/chromedriver/linux64/138.0.7204.157/chromedriver-linux64/chromedriver] found in cache","logger":"WDM"}
{"timestamp":"2025-07-21T01:28:16.826538","level":"info","event":"Chrome driver initialized successfully","logger":"scraper"}
{"timestamp":"2025-07-21T01:28:16.826975","level":"info","event":"Starting DealApp scraping with max_properties=300...","logger":"scraper"}
{"timestamp":"2025-07-21T01:28:16.827388","level":"info","event":"Trying URL 1/4: https://dealapp.sa/ar/عقارات/الرياض/جميع_العقارات/بيع_و_إيجار","logger":"scraper"}
{"timestamp":"2025-07-21T01:28:22.745608","level":"info","event":"Listings page loaded","logger":"scraper"}
{"timestamp":"2025-07-21T01:28:25.745012","level":"info","event":"Applying filters for city: الرياض, district: None","logger":"scraper"}
{"timestamp":"2025-07-21T01:28:25.758617","level":"info","event":"Checking available filter elements...","logger":"scraper"}
{"timestamp":"2025-07-21T01:28:25.797657","level":"info","event":"Found 510 total elements on page","logger":"scraper"}
{"timestamp":"2025-07-21T01:28:25.832550","level":"info","event":"Filters applied successfully","logger":"scraper"}
{"timestamp":"2025-07-21T01:28:27.833047","level":"info","event":"Starting scroll to load properties (max: 300)...","logger":"scraper"}
{"timestamp":"2025-07-21T01:28:32.860753","level":"info","event":"Attempt 1: Found 10 properties","logger":"scraper"}
{"timestamp":"2025-07-21T01:28:35.952816","level":"info","event":"Attempt 2: Found 20 properties","logger":"scraper"}
{"timestamp":"2025-07-21T01:28:39.023726","level":"info","event":"Attempt 3: Found 30 properties","logger":"scraper"}
{"timestamp":"2025-07-21T01:28:42.095459","level":"info","event":"Attempt 4: Found 40 properties","logger":"scraper"}
{"timestamp":"2025-07-21T01:28:45.157815","level":"info","event":"Attempt 5: Found 50 properties","logger":"scraper"}
{"timestamp":"2025-07-21T01:28:50.235188","level":"info","event":"Attempt 6: Found 60 properties","logger":"scraper"}
{"timestamp":"2025-07-21T01:28:53.315337","level":"info","event":"Attempt 7: Found 70 properties","logger":"scraper"}
{"timestamp":"2025-07-21T01:28:56.406741","level":"info","event":"Attempt 8: Found 80 properties","logger":"scraper"}
{"timestamp":"2025-07-21T01:28:59.478196","level":"info","event":"Attempt 9: Found 90 properties","logger":"scraper"}
{"timestamp":"2025-07-21T01:29:02.549573","level":"info","event":"Attempt 10: Found 100 properties","logger":"scraper"}
{"timestamp":"2025-07-21T01:29:07.634475","level":"info","event":"Attempt 11: Found 110 properties","logger":"scraper"}
{"timestamp":"2025-07-21T01:29:10.732117","level":"info","event":"Attempt 12: Found 120 properties","logger":"scraper"}
{"timestamp":"2025-07-21T01:29:13.832329","level":"info","event":"Attempt 13: Found 130 properties","logger":"scraper"}
{"timestamp":"2025-07-21T01:29:16.920520","level":"info","event":"Attempt 14: Found 140 properties","logger":"scraper"}
{"timestamp":"2025-07-21T01:29:19.996208","level":"info","event":"Attempt 15: Found 150 properties","logger":"scraper"}
{"timestamp":"2025-07-21T01:29:25.082648","level":"info","event":"Attempt 16: Found 160 properties","logger":"scraper"}
{"timestamp":"2025-07-21T01:29:28.165235","level":"info","event":"Attempt 17: Found 170 properties","logger":"scraper"}
{"timestamp":"2025-07-21T01:29:31.250742","level":"info","event":"Attempt 18: Found 180 properties","logger":"scraper"}
{"timestamp":"2025-07-21T01:29:34.347626","level":"info","event":"Attempt 19: Found 190 properties","logger":"scraper"}
{"timestamp":"2025-07-21T01:29:37.437339","level":"info","event":"Attempt 20: Found 200 properties","logger":"scraper"}
{"timestamp":"2025-07-21T01:29:42.525669","level":"info","event":"Attempt 21: Found 210 properties","logger":"scraper"}
{"timestamp":"2025-07-21T01:29:45.624285","level":"info","event":"Attempt 22: Found 220 properties","logger":"scraper"}
{"timestamp":"2025-07-21T01:29:48.724293","level":"info","event":"Attempt 23: Found 230 properties","logger":"scraper"}
{"timestamp":"2025-07-21T01:29:51.814988","level":"info","event":"Attempt 24: Found 240 properties","logger":"scraper"}
{"timestamp":"2025-07-21T01:29:54.891556","level":"info","event":"Attempt 25: Found 250 properties","logger":"scraper"}
{"timestamp":"2025-07-21T01:29:59.976470","level":"info","event":"Attempt 26: Found 260 properties","logger":"scraper"}
{"timestamp":"2025-07-21T01:30:03.058932","level":"info","event":"Attempt 27: Found 270 properties","logger":"scraper"}
{"timestamp":"2025-07-21T01:30:06.142896","level":"info","event":"Attempt 28: Found 280 properties","logger":"scraper"}
{"timestamp":"2025-07-21T01:30:09.232747","level":"info","event":"Attempt 29: Found 290 properties","logger":"scraper"}
{"timestamp":"2025-07-21T01:30:12.322850","level":"info","event":"Attempt 30: Found 300 properties","logger":"scraper"}
{"timestamp":"2025-07-21T01:30:12.323061","level":"info","event":"Reached target of 300 properties, stopping scroll","logger":"scraper"}
{"timestamp":"2025-07-21T01:30:12.323150","level":"info","event":"Scrolling completed after 30 attempts","logger":"scraper"}
{"timestamp":"2025-07-21T01:30:12.346460","level":"info","event":"Found 300 property cards after scrolling","logger":"scraper"}
{"timestamp":"2025-07-21T01:30:12.346555","level":"info","event":"Processing card 1/300","logger":"scraper"}
{"timestamp":"2025-07-21T01:30:16.337074","level":"info","event":"Processing card 51/300","logger":"scraper"}
{"timestamp":"2025-07-21T01:30:19.954948","level":"info","event":"Processing card 101/300","logger":"scraper"}
{"timestamp":"2025-07-21T01:30:21.735522","level":"info","event":"Added 100 properties so far...","logger":"scraper"}
{"timestamp":"2025-07-21T01:30:23.613613","level":"info","event":"Processing card 151/300","logger":"scraper"}
{"timestamp":"2025-07-21T01:30:26.642399","level":"info","event":"Processing card 201/300","logger":"scraper"}
{"timestamp":"2025-07-21T01:30:28.416364","level":"info","event":"Added 200 properties so far...","logger":"scraper"}
{"timestamp":"2025-07-21T01:30:29.539242","level":"info","event":"Processing card 251/300","logger":"scraper"}
{"timestamp":"2025-07-21T01:30:32.349850","level":"info","event":"Successfully found properties with URL 1","logger":"scraper"}
{"timestamp":"2025-07-21T01:30:32.350016","level":"info","event":"Successfully scraped 268 unique properties from DealApp","logger":"scraper"}
{"timestamp":"2025-07-21T01:30:32.367876Z","level":"info","event":"Scraped 268 properties","chan":"stdout","logger":"task"}
{"timestamp":"2025-07-21T01:30:32.466564","level":"info","event":"Done. Returned value was: 268","logger":"airflow.task.operators.airflow.providers.standard.operators.python.PythonOperator"}
{"timestamp":"2025-07-21T01:30:32.467009","level":"info","event":"Pushing xcom","ti":"RuntimeTaskInstance(id=UUID('01982a98-7823-7019-9894-43f2b692b174'), task_id='scrape', dag_id='realestate_etl_pipeline_v2', run_id='manual__2025-07-21T01:28:12.033818+00:00', try_number=1, map_index=-1, hostname='d9baf7fb2a61', context_carrier=None, task=<Task(PythonOperator): scrape>, bundle_instance=LocalDagBundle(name=dags-folder), max_tries=1, start_date=datetime.datetime(2025, 7, 21, 1, 28, 12, 587082, tzinfo=TzInfo(UTC)), end_date=None, is_mapped=False)","logger":"task"}
