{"timestamp":"2025-07-21T01:30:35.069761","level":"info","event":"DAG bundles loaded: dags-folder","logger":"airflow.dag_processing.bundles.manager.DagBundlesManager"}
{"timestamp":"2025-07-21T01:30:35.070801","level":"info","event":"Filling up the DagBag from /opt/airflow/dags/etl_pipeline_v2.py","logger":"airflow.models.dagbag.DagBag"}
{"timestamp":"2025-07-21T01:30:35.882707","level":"warning","event":"Passing literal json to 'read_json' is deprecated and will be removed in a future version. To read from a literal string, wrap it in a 'StringIO' object.","category":"FutureWarning","filename":"/opt/airflow/dags/etl_pipeline_v2.py","lineno":57,"logger":"py.warnings"}
{"timestamp":"2025-07-21T01:30:35.900617","level":"info","event":"Successfully connected to PostgreSQL database","logger":"loader"}
{"timestamp":"2025-07-21T01:30:35.903630","level":"info","event":"Tables already exist, skipping creation","logger":"loader"}
{"timestamp":"2025-07-21T01:30:35.913211","level":"info","event":"Found unique constraint(s): ['properties_property_id_key']","logger":"loader"}
{"timestamp":"2025-07-21T01:30:35.915744","level":"info","event":"Unique constraint is working properly","logger":"loader"}
{"timestamp":"2025-07-21T01:30:35.915935","level":"info","event":"Loading 8 properties to database using batch UPSERT","logger":"loader"}
{"timestamp":"2025-07-21T01:30:35.918491","level":"info","event":"Property IDs in data: 8 unique IDs","logger":"loader"}
{"timestamp":"2025-07-21T01:30:35.919613","level":"info","event":"Found 9 existing property_ids in database","logger":"loader"}
{"timestamp":"2025-07-21T01:30:35.920126","level":"info","event":"Found 8 existing property_ids that will be updated","logger":"loader"}
{"timestamp":"2025-07-21T01:30:35.920237","level":"info","event":"Sample duplicate IDs: ['9a19e153-cb45-43dc-a1e7-10f82a3097e3', '857ef9f8-af46-4d9f-ba3e-e3839243fb71', '52b52a55-f98a-4d98-865a-98721c63082c', '1b87659b-dc5c-4d2a-b312-c79a20de9abe', '1bda0555-4030-4105-82e4-dc924fe3d11c']","logger":"loader"}
{"timestamp":"2025-07-21T01:30:35.934836","level":"info","event":"Executing batch UPSERT with 8 records","logger":"loader"}
{"timestamp":"2025-07-21T01:30:35.935051","level":"info","event":"UPSERT Query: \n            INSERT INTO properties (property_id, title, price, bedrooms, area, bathrooms, property_type, property_type_standard, price_per_sqm, price_per_bedroom, city, neighborhood, listing_type, source, processed_date)\n            VALUES (:property_id, :title, :price, :bedrooms, :area, :bathrooms, :property_type, :property_type_standard, :price_per_sqm, :price_per_bedroom, :city, :neighborhood, :listing_type, :source, :processed_date)\n            ON CONFLICT (property_id) DO UPDATE SET\n                property_id = EXCLUDED.property_id, title = EXCLUDED.title, price = EXCLUDED.price, bedrooms = EXCLUDED.bedrooms, area = EXCLUDED.area, bathrooms = EXCLUDED.bathrooms, property_type = EXCLUDED.property_type, property_type_standard = EXCLUDED.property_type_standard, price_per_sqm = EXCLUDED.price_per_sqm, price_per_bedroom = EXCLUDED.price_per_bedroom, city = EXCLUDED.city, neighborhood = EXCLUDED.neighborhood, listing_type = EXCLUDED.listing_type, source = EXCLUDED.source, processed_date = EXCLUDED.processed_date\n            ","logger":"loader"}
{"timestamp":"2025-07-21T01:30:35.940854","level":"info","event":"Batch UPSERT completed successfully","logger":"loader"}
{"timestamp":"2025-07-21T01:30:35.941052","level":"info","event":"Successfully batch upserted 8 properties to database from DataFrame","logger":"loader"}
{"timestamp":"2025-07-21T01:30:35.941597","level":"info","event":"Database connection closed","logger":"loader"}
{"timestamp":"2025-07-21T01:30:35.942426Z","level":"info","event":"Loaded 8 properties into database","chan":"stdout","logger":"task"}
{"timestamp":"2025-07-21T01:30:35.942364","level":"info","event":"Done. Returned value was: 8","logger":"airflow.task.operators.airflow.providers.standard.operators.python.PythonOperator"}
{"timestamp":"2025-07-21T01:30:35.942543","level":"info","event":"Pushing xcom","ti":"RuntimeTaskInstance(id=UUID('01982a98-7826-7a79-861c-79d52a4c726e'), task_id='load', dag_id='realestate_etl_pipeline_v2', run_id='manual__2025-07-21T01:28:12.033818+00:00', try_number=1, map_index=-1, hostname='d9baf7fb2a61', context_carrier=None, task=<Task(PythonOperator): load>, bundle_instance=LocalDagBundle(name=dags-folder), max_tries=1, start_date=datetime.datetime(2025, 7, 21, 1, 30, 34, 986797, tzinfo=TzInfo(UTC)), end_date=None, is_mapped=False)","logger":"task"}
