{"timestamp":"2025-07-20T21:00:15.369330","level":"info","event":"DAG bundles loaded: dags-folder","logger":"airflow.dag_processing.bundles.manager.DagBundlesManager"}
{"timestamp":"2025-07-20T21:00:15.370845","level":"info","event":"Filling up the DagBag from /opt/airflow/dags/etl_pipeline_v2.py","logger":"airflow.models.dagbag.DagBag"}
{"timestamp":"2025-07-20T21:00:16.333868","level":"info","event":"====== WebDriver manager ======","logger":"WDM"}
{"timestamp":"2025-07-20T21:00:16.521986","level":"info","event":"Get LATEST chromedriver version for google-chrome","logger":"WDM"}
{"timestamp":"2025-07-20T21:00:16.974285","level":"info","event":"Get LATEST chromedriver version for google-chrome","logger":"WDM"}
{"timestamp":"2025-07-20T21:00:17.447770","level":"info","event":"Driver [/opt/airflow/scripts/.wdm/drivers/chromedriver/linux64/138.0.7204.157/chromedriver-linux64/THIRD_PARTY_NOTICES.chromedriver] found in cache","logger":"WDM"}
{"timestamp":"2025-07-20T21:00:17.467548","level":"warning","event":"ChromeDriver setup failed: [Errno 8] Exec format error: '/opt/airflow/scripts/.wdm/drivers/chromedriver/linux64/138.0.7204.157/chromedriver-linux64/THIRD_PARTY_NOTICES.chromedriver'","logger":"scraper"}
{"timestamp":"2025-07-20T21:00:18.500701","level":"info","event":"Chrome driver initialized with system Chrome","logger":"scraper"}
{"timestamp":"2025-07-20T21:00:18.501017","level":"info","event":"Starting DealApp scraping with max_properties=100...","logger":"scraper"}
{"timestamp":"2025-07-20T21:00:18.501104","level":"info","event":"Trying URL 1/4: https://dealapp.sa/ar/عقارات/الرياض/جميع_العقارات/بيع_و_إيجار","logger":"scraper"}
{"timestamp":"2025-07-20T21:00:22.176073","level":"info","event":"Listings page loaded","logger":"scraper"}
{"timestamp":"2025-07-20T21:00:25.175462","level":"info","event":"Applying filters for city: الرياض, district: None","logger":"scraper"}
{"timestamp":"2025-07-20T21:00:25.188794","level":"info","event":"Checking available filter elements...","logger":"scraper"}
{"timestamp":"2025-07-20T21:00:25.227378","level":"info","event":"Found 495 total elements on page","logger":"scraper"}
{"timestamp":"2025-07-20T21:00:25.255057","level":"info","event":"Filters applied successfully","logger":"scraper"}
{"timestamp":"2025-07-20T21:00:27.255546","level":"info","event":"Starting scroll to load properties (max: 100)...","logger":"scraper"}
{"timestamp":"2025-07-20T21:00:32.276070","level":"info","event":"Attempt 1: Found 10 properties","logger":"scraper"}
{"timestamp":"2025-07-20T21:00:35.356518","level":"info","event":"Attempt 2: Found 20 properties","logger":"scraper"}
{"timestamp":"2025-07-20T21:00:38.428918","level":"info","event":"Attempt 3: Found 30 properties","logger":"scraper"}
{"timestamp":"2025-07-20T21:00:41.495695","level":"info","event":"Attempt 4: Found 40 properties","logger":"scraper"}
{"timestamp":"2025-07-20T21:00:44.565896","level":"info","event":"Attempt 5: Found 50 properties","logger":"scraper"}
{"timestamp":"2025-07-20T21:00:49.630322","level":"info","event":"Attempt 6: Found 60 properties","logger":"scraper"}
{"timestamp":"2025-07-20T21:00:52.719294","level":"info","event":"Attempt 7: Found 70 properties","logger":"scraper"}
{"timestamp":"2025-07-20T21:00:55.809650","level":"info","event":"Attempt 8: Found 80 properties","logger":"scraper"}
{"timestamp":"2025-07-20T21:00:58.888554","level":"info","event":"Attempt 9: Found 90 properties","logger":"scraper"}
{"timestamp":"2025-07-20T21:01:01.974549","level":"info","event":"Attempt 10: Found 100 properties","logger":"scraper"}
{"timestamp":"2025-07-20T21:01:01.974786","level":"info","event":"Reached target of 100 properties, stopping scroll","logger":"scraper"}
{"timestamp":"2025-07-20T21:01:01.974881","level":"info","event":"Scrolling completed after 10 attempts","logger":"scraper"}
{"timestamp":"2025-07-20T21:01:01.989841","level":"info","event":"Found 100 property cards after scrolling","logger":"scraper"}
{"timestamp":"2025-07-20T21:01:01.990021","level":"info","event":"Processing card 1/100","logger":"scraper"}
{"timestamp":"2025-07-20T21:01:05.471201","level":"info","event":"Processing card 51/100","logger":"scraper"}
{"timestamp":"2025-07-20T21:01:08.058051","level":"info","event":"Successfully found properties with URL 1","logger":"scraper"}
{"timestamp":"2025-07-20T21:01:08.058246","level":"info","event":"Successfully scraped 87 unique properties from DealApp","logger":"scraper"}
{"timestamp":"2025-07-20T21:01:08.148735","level":"info","event":"Done. Returned value was: None","logger":"airflow.task.operators.airflow.providers.standard.operators.python.PythonOperator"}
