{"timestamp":"2025-07-21T18:17:42.511170","level":"info","event":"DAG bundles loaded: dags-folder","logger":"airflow.dag_processing.bundles.manager.DagBundlesManager"}
{"timestamp":"2025-07-21T18:17:42.512580","level":"info","event":"Filling up the DagBag from /opt/airflow/dags/etl_pipeline_v2.py","logger":"airflow.models.dagbag.DagBag"}
{"timestamp":"2025-07-21T18:17:44.529338","level":"info","event":"====== WebDriver manager ======","logger":"WDM"}
{"timestamp":"2025-07-21T18:17:45.352787","level":"info","event":"Get LATEST chromedriver version for google-chrome","logger":"WDM"}
{"timestamp":"2025-07-21T18:17:45.999771","level":"info","event":"Get LATEST chromedriver version for google-chrome","logger":"WDM"}
{"timestamp":"2025-07-21T18:17:46.400931","level":"info","event":"Driver [/opt/airflow/scripts/.wdm/drivers/chromedriver/linux64/138.0.7204.157/chromedriver-linux64/chromedriver] found in cache","logger":"WDM"}
{"timestamp":"2025-07-21T18:17:51.409155","level":"info","event":"Chrome driver initialized successfully","logger":"scraper"}
{"timestamp":"2025-07-21T18:17:51.409486","level":"info","event":"Starting DealApp scraping with max_properties=100...","logger":"scraper"}
{"timestamp":"2025-07-21T18:17:51.409611","level":"info","event":"Trying URL 1/4: https://dealapp.sa/ar/عقارات/الرياض/جميع_العقارات/بيع_و_إيجار","logger":"scraper"}
{"timestamp":"2025-07-21T18:17:57.538423","level":"info","event":"Listings page loaded","logger":"scraper"}
{"timestamp":"2025-07-21T18:18:00.539062","level":"info","event":"Applying filters for city: الرياض, district: None","logger":"scraper"}
{"timestamp":"2025-07-21T18:18:00.692576","level":"info","event":"Checking available filter elements...","logger":"scraper"}
{"timestamp":"2025-07-21T18:18:01.108219","level":"info","event":"Found 498 total elements on page","logger":"scraper"}
{"timestamp":"2025-07-21T18:18:01.220765","level":"info","event":"Filters applied successfully","logger":"scraper"}
{"timestamp":"2025-07-21T18:18:03.221382","level":"info","event":"Starting scroll to load properties (max: 100)...","logger":"scraper"}
{"timestamp":"2025-07-21T18:18:08.250127","level":"info","event":"Attempt 1: Found 10 properties","logger":"scraper"}
{"timestamp":"2025-07-21T18:18:11.367201","level":"info","event":"Attempt 2: Found 20 properties","logger":"scraper"}
{"timestamp":"2025-07-21T18:18:14.451959","level":"info","event":"Attempt 3: Found 30 properties","logger":"scraper"}
{"timestamp":"2025-07-21T18:18:17.562122","level":"info","event":"Attempt 4: Found 40 properties","logger":"scraper"}
{"timestamp":"2025-07-21T18:18:20.684301","level":"info","event":"Attempt 5: Found 50 properties","logger":"scraper"}
{"timestamp":"2025-07-21T18:18:25.791349","level":"info","event":"Attempt 6: Found 60 properties","logger":"scraper"}
{"timestamp":"2025-07-21T18:18:28.899594","level":"info","event":"Attempt 7: Found 70 properties","logger":"scraper"}
{"timestamp":"2025-07-21T18:18:32.042490","level":"info","event":"Attempt 8: Found 80 properties","logger":"scraper"}
{"timestamp":"2025-07-21T18:18:35.177080","level":"info","event":"Attempt 9: Found 90 properties","logger":"scraper"}
{"timestamp":"2025-07-21T18:18:38.274727","level":"info","event":"Attempt 10: Found 100 properties","logger":"scraper"}
{"timestamp":"2025-07-21T18:18:38.275061","level":"info","event":"Reached target of 100 properties, stopping scroll","logger":"scraper"}
{"timestamp":"2025-07-21T18:18:38.275166","level":"info","event":"Scrolling completed after 10 attempts","logger":"scraper"}
{"timestamp":"2025-07-21T18:18:38.293684","level":"info","event":"Found 100 property cards after scrolling","logger":"scraper"}
{"timestamp":"2025-07-21T18:18:38.293848","level":"info","event":"Processing card 1/100","logger":"scraper"}
{"timestamp":"2025-07-21T18:18:44.241176","level":"info","event":"Processing card 51/100","logger":"scraper"}
{"timestamp":"2025-07-21T18:18:51.145326","level":"info","event":"Successfully found properties with URL 1","logger":"scraper"}
{"timestamp":"2025-07-21T18:18:51.146727","level":"info","event":"Successfully scraped 90 unique properties from DealApp","logger":"scraper"}
{"timestamp":"2025-07-21T18:18:51.162622Z","level":"info","event":"Scraped 90 properties","chan":"stdout","logger":"task"}
{"timestamp":"2025-07-21T18:18:52.331822","level":"info","event":"Done. Returned value was: 90","logger":"airflow.task.operators.airflow.providers.standard.operators.python.PythonOperator"}
{"timestamp":"2025-07-21T18:18:52.332296","level":"info","event":"Pushing xcom","ti":"RuntimeTaskInstance(id=UUID('01982e34-ace0-741e-a09d-1894e8154bd3'), task_id='scrape', dag_id='realestate_etl_pipeline_v2', run_id='manual__2025-07-21T18:17:40.760138+00:00', try_number=1, map_index=-1, hostname='153eb81b0c0f', context_carrier=None, task=<Task(PythonOperator): scrape>, bundle_instance=LocalDagBundle(name=dags-folder), max_tries=1, start_date=datetime.datetime(2025, 7, 21, 18, 17, 42, 118559, tzinfo=TzInfo(UTC)), end_date=None, is_mapped=False)","logger":"task"}
