{"timestamp":"2025-07-20T11:04:52.835818","level":"info","event":"DAG bundles loaded: dags-folder","logger":"airflow.dag_processing.bundles.manager.DagBundlesManager"}
{"timestamp":"2025-07-20T11:04:52.836638","level":"info","event":"Filling up the DagBag from /opt/airflow/dags/etl_pipeline_v2.py","logger":"airflow.models.dagbag.DagBag"}
{"timestamp":"2025-07-20T11:04:53.847885","level":"warning","event":"Passing literal json to 'read_json' is deprecated and will be removed in a future version. To read from a literal string, wrap it in a 'StringIO' object.","category":"FutureWarning","filename":"/opt/airflow/dags/etl_pipeline_v2.py","lineno":38,"logger":"py.warnings"}
{"timestamp":"2025-07-20T11:04:53.988278","level":"info","event":"Successfully connected to PostgreSQL database","logger":"loader"}
{"timestamp":"2025-07-20T11:04:54.012159","level":"info","event":"Database tables created successfully","logger":"loader"}
{"timestamp":"2025-07-20T11:04:54.888430","level":"info","event":"Successfully loaded 10037 properties to database from DataFrame","logger":"loader"}
{"timestamp":"2025-07-20T11:04:54.888857","level":"info","event":"Starting comprehensive analysis...","logger":"loader"}
{"timestamp":"2025-07-20T11:04:54.915509","level":"info","event":"Analysis tables and views created successfully","logger":"loader"}
{"timestamp":"2025-07-20T11:04:54.955637","level":"info","event":"Correlation analysis completed","logger":"loader"}
{"timestamp":"2025-07-20T11:04:54.961393","level":"error","event":"Error in sales valuation analysis: unsupported operand type(s) for /: 'decimal.Decimal' and 'float'","logger":"loader"}
{"timestamp":"2025-07-20T11:04:54.980053","level":"info","event":"Average price tables populated successfully","logger":"loader"}
{"timestamp":"2025-07-20T11:04:54.986485","level":"info","event":"Yasameen 3BR report populated successfully","logger":"loader"}
{"timestamp":"2025-07-20T11:04:54.994984","level":"error","event":"Error loading analysis results: 'Connection' object has no attribute 'commit'","logger":"loader"}
{"timestamp":"2025-07-20T11:04:54.995154","level":"info","event":"Comprehensive analysis report generated successfully","logger":"loader"}
{"timestamp":"2025-07-20T11:04:54.995241","level":"info","event":"Complete analysis finished successfully","logger":"loader"}
{"timestamp":"2025-07-20T11:04:54.995321","level":"info","event":"Created dedicated analysis tables:","logger":"loader"}
{"timestamp":"2025-07-20T11:04:54.995417","level":"info","event":"- rent_increase_analysis","logger":"loader"}
{"timestamp":"2025-07-20T11:04:54.995491","level":"info","event":"- correlation_analysis","logger":"loader"}
{"timestamp":"2025-07-20T11:04:54.995553","level":"info","event":"- sales_valuation_analysis","logger":"loader"}
{"timestamp":"2025-07-20T11:04:54.995617","level":"info","event":"- avg_price_by_location","logger":"loader"}
{"timestamp":"2025-07-20T11:04:54.995672","level":"info","event":"- avg_price_by_bedroom","logger":"loader"}
{"timestamp":"2025-07-20T11:04:54.995715","level":"info","event":"- yasameen_3br_report","logger":"loader"}
{"timestamp":"2025-07-20T11:04:54.995760","level":"info","event":"Created 0 recommendations","logger":"loader"}
{"timestamp":"2025-07-20T11:04:54.996391","level":"info","event":"Database connection closed","logger":"loader"}
{"timestamp":"2025-07-20T11:04:55.001721","level":"info","event":"Done. Returned value was: None","logger":"airflow.task.operators.airflow.providers.standard.operators.python.PythonOperator"}
